[2023-06-27 22:45:44,215][HYDRA] Launching 27 jobs locally
[2023-06-27 22:45:44,215][HYDRA] 	#0 : env=acrobot name=acrobot adapt_gains=True meta_lr=0.01 epsilon=0.25 d_tau=0.1
[2023-06-27 22:45:44,381][root][INFO] - The chosen seed is: 381104
 100% ━━━━━━━━━━━━━━━━━━━━━━━━━━ 50,000/50,000  [ 0:04:32 < 0:00:00 , 166 it/s ]
 100% ━━━━━━━━━━━━━━━━━━━━━━━━━━ 50,000/50,000  [ 0:04:22 < 0:00:00 , 179 it/s ]
 100% ━━━━━━━━━━━━━━━━━━━━━━━━━━ 50,000/50,000  [ 0:04:33 < 0:00:00 , 174 it/s ]
 100% ━━━━━━━━━━━━━━━━━━━━━━━━━━ 50,000/50,000  [ 0:04:32 < 0:00:00 , 171 it/s ]
 100% ━━━━━━━━━━━━━━━━━━━━━━━━━━ 50,000/50,000  [ 0:04:26 < 0:00:00 , 175 it/s ]
 100% ━━━━━━━━━━━━━━━━━━━━━━━━━━ 50,000/50,000  [ 0:04:28 < 0:00:00 , 179 it/s ]
 100% ━━━━━━━━━━━━━━━━━━━━━━━━━━ 50,000/50,000  [ 0:04:25 < 0:00:00 , 178 it/s ]
 100% ━━━━━━━━━━━━━━━━━━━━━━━━━━ 50,000/50,000  [ 0:04:25 < 0:00:00 , 181 it/s ]
 100% ━━━━━━━━━━━━━━━━━━━━━━━━━━ 50,000/50,000  [ 0:04:26 < 0:00:00 , 177 it/s ]
 100% ━━━━━━━━━━━━━━━━━━━━━━━━━━ 50,000/50,000  [ 0:04:29 < 0:00:00 , 178 it/s ]
Moviepy - Building video /ssd003/home/bedaywim/PID-Accelerated-TD-Learning/outputs/DQNExperiment/acrobot/2023-06-27/22-45-41/episode1.0021874732243963,0.0014524697133981024,0.004782295713135886,True,False.mp4/rl-video-episode-0.mp4.
Moviepy - Writing video /ssd003/home/bedaywim/PID-Accelerated-TD-Learning/outputs/DQNExperiment/acrobot/2023-06-27/22-45-41/episode1.0021874732243963,0.0014524697133981024,0.004782295713135886,True,False.mp4/rl-video-episode-0.mp4

Moviepy - Done !
Moviepy - video ready /ssd003/home/bedaywim/PID-Accelerated-TD-Learning/outputs/DQNExperiment/acrobot/2023-06-27/22-45-41/episode1.0021874732243963,0.0014524697133981024,0.004782295713135886,True,False.mp4/rl-video-episode-0.mp4
[2023-06-27 23:30:31,247][HYDRA] 	#1 : env=acrobot name=acrobot adapt_gains=True meta_lr=0.01 epsilon=0.25 d_tau=0.01
[2023-06-27 23:30:31,772][root][INFO] - The chosen seed is: 381104
 100% ━━━━━━━━━━━━━━━━━━━━━━━━━━ 50,000/50,000  [ 0:04:29 < 0:00:00 , 179 it/s ]
 100% ━━━━━━━━━━━━━━━━━━━━━━━━━━ 50,000/50,000  [ 0:04:21 < 0:00:00 , 187 it/s ]
 100% ━━━━━━━━━━━━━━━━━━━━━━━━━━ 50,000/50,000  [ 0:04:25 < 0:00:00 , 177 it/s ]
 100% ━━━━━━━━━━━━━━━━━━━━━━━━━━ 50,000/50,000  [ 0:04:25 < 0:00:00 , 181 it/s ]
 100% ━━━━━━━━━━━━━━━━━━━━━━━━━━ 50,000/50,000  [ 0:04:25 < 0:00:00 , 179 it/s ]
 100% ━━━━━━━━━━━━━━━━━━━━━━━━━━ 50,000/50,000  [ 0:04:24 < 0:00:00 , 186 it/s ]
 100% ━━━━━━━━━━━━━━━━━━━━━━━━━━ 50,000/50,000  [ 0:04:34 < 0:00:00 , 173 it/s ]
 100% ━━━━━━━━━━━━━━━━━━━━━━━━━━ 50,000/50,000  [ 0:04:28 < 0:00:00 , 183 it/s ]
 100% ━━━━━━━━━━━━━━━━━━━━━━━━━━ 50,000/50,000  [ 0:04:23 < 0:00:00 , 172 it/s ]
 100% ━━━━━━━━━━━━━━━━━━━━━━━━━━ 50,000/50,000  [ 0:04:26 < 0:00:00 , 180 it/s ]
Moviepy - Building video /ssd003/home/bedaywim/PID-Accelerated-TD-Learning/outputs/DQNExperiment/acrobot/2023-06-27/22-45-41/episode1.002244466594917,0.0014793812756567315,0.002467929896540982,True,False.mp4/rl-video-episode-0.mp4.
Moviepy - Writing video /ssd003/home/bedaywim/PID-Accelerated-TD-Learning/outputs/DQNExperiment/acrobot/2023-06-27/22-45-41/episode1.002244466594917,0.0014793812756567315,0.002467929896540982,True,False.mp4/rl-video-episode-0.mp4

Moviepy - Done !
Moviepy - video ready /ssd003/home/bedaywim/PID-Accelerated-TD-Learning/outputs/DQNExperiment/acrobot/2023-06-27/22-45-41/episode1.002244466594917,0.0014793812756567315,0.002467929896540982,True,False.mp4/rl-video-episode-0.mp4
[2023-06-28 00:14:58,278][HYDRA] 	#2 : env=acrobot name=acrobot adapt_gains=True meta_lr=0.01 epsilon=0.25 d_tau=0.001
[2023-06-28 00:14:58,440][root][INFO] - The chosen seed is: 381104
 100% ━━━━━━━━━━━━━━━━━━━━━━━━━━ 50,000/50,000  [ 0:04:31 < 0:00:00 , 163 it/s ]
 100% ━━━━━━━━━━━━━━━━━━━━━━━━━━ 50,000/50,000  [ 0:04:27 < 0:00:00 , 182 it/s ]
 100% ━━━━━━━━━━━━━━━━━━━━━━━━━━ 50,000/50,000  [ 0:04:27 < 0:00:00 , 174 it/s ]
 100% ━━━━━━━━━━━━━━━━━━━━━━━━━━ 50,000/50,000  [ 0:04:22 < 0:00:00 , 178 it/s ]
 100% ━━━━━━━━━━━━━━━━━━━━━━━━━━ 50,000/50,000  [ 0:04:28 < 0:00:00 , 178 it/s ]
 100% ━━━━━━━━━━━━━━━━━━━━━━━━━━ 50,000/50,000  [ 0:04:23 < 0:00:00 , 182 it/s ]
 100% ━━━━━━━━━━━━━━━━━━━━━━━━━━ 50,000/50,000  [ 0:04:25 < 0:00:00 , 177 it/s ]
 100% ━━━━━━━━━━━━━━━━━━━━━━━━━━ 50,000/50,000  [ 0:04:24 < 0:00:00 , 181 it/s ]
 100% ━━━━━━━━━━━━━━━━━━━━━━━━━━ 50,000/50,000  [ 0:04:27 < 0:00:00 , 153 it/s ]
 100% ━━━━━━━━━━━━━━━━━━━━━━━━━━ 50,000/50,000  [ 0:04:33 < 0:00:00 , 175 it/s ]
Moviepy - Building video /ssd003/home/bedaywim/PID-Accelerated-TD-Learning/outputs/DQNExperiment/acrobot/2023-06-27/22-45-41/episode1.0022558974520508,0.0015070338758510521,-0.0019607324320769165,True,False.mp4/rl-video-episode-0.mp4.
Moviepy - Writing video /ssd003/home/bedaywim/PID-Accelerated-TD-Learning/outputs/DQNExperiment/acrobot/2023-06-27/22-45-41/episode1.0022558974520508,0.0015070338758510521,-0.0019607324320769165,True,False.mp4/rl-video-episode-0.mp4

Moviepy - Done !
Moviepy - video ready /ssd003/home/bedaywim/PID-Accelerated-TD-Learning/outputs/DQNExperiment/acrobot/2023-06-27/22-45-41/episode1.0022558974520508,0.0015070338758510521,-0.0019607324320769165,True,False.mp4/rl-video-episode-0.mp4
[2023-06-28 00:59:31,500][HYDRA] 	#3 : env=acrobot name=acrobot adapt_gains=True meta_lr=0.01 epsilon=0.1 d_tau=0.1
[2023-06-28 00:59:31,670][root][INFO] - The chosen seed is: 381104
 100% ━━━━━━━━━━━━━━━━━━━━━━━━━━ 50,000/50,000  [ 0:04:33 < 0:00:00 , 179 it/s ]
 100% ━━━━━━━━━━━━━━━━━━━━━━━━━━ 50,000/50,000  [ 0:04:30 < 0:00:00 , 172 it/s ]
 100% ━━━━━━━━━━━━━━━━━━━━━━━━━━ 50,000/50,000  [ 0:04:35 < 0:00:00 , 179 it/s ]
 100% ━━━━━━━━━━━━━━━━━━━━━━━━━━ 50,000/50,000  [ 0:04:34 < 0:00:00 , 156 it/s ]
 100% ━━━━━━━━━━━━━━━━━━━━━━━━━━ 50,000/50,000  [ 0:04:24 < 0:00:00 , 178 it/s ]
 100% ━━━━━━━━━━━━━━━━━━━━━━━━━━ 50,000/50,000  [ 0:04:26 < 0:00:00 , 172 it/s ]
 100% ━━━━━━━━━━━━━━━━━━━━━━━━━━ 50,000/50,000  [ 0:04:24 < 0:00:00 , 177 it/s ]
 100% ━━━━━━━━━━━━━━━━━━━━━━━━━━ 50,000/50,000  [ 0:04:25 < 0:00:00 , 183 it/s ]
 100% ━━━━━━━━━━━━━━━━━━━━━━━━━━ 50,000/50,000  [ 0:04:25 < 0:00:00 , 170 it/s ]
 100% ━━━━━━━━━━━━━━━━━━━━━━━━━━ 50,000/50,000  [ 0:04:24 < 0:00:00 , 180 it/s ]
Moviepy - Building video /ssd003/home/bedaywim/PID-Accelerated-TD-Learning/outputs/DQNExperiment/acrobot/2023-06-27/22-45-41/episode1.002282893328865,0.0014144721308075848,0.004410809325849429,True,False.mp4/rl-video-episode-0.mp4.
Moviepy - Writing video /ssd003/home/bedaywim/PID-Accelerated-TD-Learning/outputs/DQNExperiment/acrobot/2023-06-27/22-45-41/episode1.002282893328865,0.0014144721308075848,0.004410809325849429,True,False.mp4/rl-video-episode-0.mp4

Moviepy - Done !
Moviepy - video ready /ssd003/home/bedaywim/PID-Accelerated-TD-Learning/outputs/DQNExperiment/acrobot/2023-06-27/22-45-41/episode1.002282893328865,0.0014144721308075848,0.004410809325849429,True,False.mp4/rl-video-episode-0.mp4
[2023-06-28 01:44:18,108][HYDRA] 	#4 : env=acrobot name=acrobot adapt_gains=True meta_lr=0.01 epsilon=0.1 d_tau=0.01
[2023-06-28 01:44:18,263][root][INFO] - The chosen seed is: 381104
 100% ━━━━━━━━━━━━━━━━━━━━━━━━━━ 50,000/50,000  [ 0:04:30 < 0:00:00 , 179 it/s ]
 100% ━━━━━━━━━━━━━━━━━━━━━━━━━━ 50,000/50,000  [ 0:04:25 < 0:00:00 , 174 it/s ]
 100% ━━━━━━━━━━━━━━━━━━━━━━━━━━ 50,000/50,000  [ 0:04:28 < 0:00:00 , 178 it/s ]
 100% ━━━━━━━━━━━━━━━━━━━━━━━━━━ 50,000/50,000  [ 0:04:29 < 0:00:00 , 175 it/s ]
 100% ━━━━━━━━━━━━━━━━━━━━━━━━━━ 50,000/50,000  [ 0:04:37 < 0:00:00 , 180 it/s ]
 100% ━━━━━━━━━━━━━━━━━━━━━━━━━━ 50,000/50,000  [ 0:04:22 < 0:00:00 , 179 it/s ]
 100% ━━━━━━━━━━━━━━━━━━━━━━━━━━ 50,000/50,000  [ 0:04:24 < 0:00:00 , 176 it/s ]
 100% ━━━━━━━━━━━━━━━━━━━━━━━━━━ 50,000/50,000  [ 0:04:28 < 0:00:00 , 175 it/s ]
 100% ━━━━━━━━━━━━━━━━━━━━━━━━━━ 50,000/50,000  [ 0:04:22 < 0:00:00 , 184 it/s ]
 100% ━━━━━━━━━━━━━━━━━━━━━━━━━━ 50,000/50,000  [ 0:04:27 < 0:00:00 , 180 it/s ]
Moviepy - Building video /ssd003/home/bedaywim/PID-Accelerated-TD-Learning/outputs/DQNExperiment/acrobot/2023-06-27/22-45-41/episode1.0022730954569266,0.0014871895227232036,0.0011370671806714033,True,False.mp4/rl-video-episode-0.mp4.
Moviepy - Writing video /ssd003/home/bedaywim/PID-Accelerated-TD-Learning/outputs/DQNExperiment/acrobot/2023-06-27/22-45-41/episode1.0022730954569266,0.0014871895227232036,0.0011370671806714033,True,False.mp4/rl-video-episode-0.mp4

Moviepy - Done !
Moviepy - video ready /ssd003/home/bedaywim/PID-Accelerated-TD-Learning/outputs/DQNExperiment/acrobot/2023-06-27/22-45-41/episode1.0022730954569266,0.0014871895227232036,0.0011370671806714033,True,False.mp4/rl-video-episode-0.mp4
[2023-06-28 02:28:57,322][HYDRA] 	#5 : env=acrobot name=acrobot adapt_gains=True meta_lr=0.01 epsilon=0.1 d_tau=0.001
[2023-06-28 02:28:57,481][root][INFO] - The chosen seed is: 381104
 100% ━━━━━━━━━━━━━━━━━━━━━━━━━━ 50,000/50,000  [ 0:04:25 < 0:00:00 , 182 it/s ]
 100% ━━━━━━━━━━━━━━━━━━━━━━━━━━ 50,000/50,000  [ 0:04:31 < 0:00:00 , 183 it/s ]
 100% ━━━━━━━━━━━━━━━━━━━━━━━━━━ 50,000/50,000  [ 0:04:26 < 0:00:00 , 180 it/s ]
 100% ━━━━━━━━━━━━━━━━━━━━━━━━━━ 50,000/50,000  [ 0:04:21 < 0:00:00 , 188 it/s ]
 100% ━━━━━━━━━━━━━━━━━━━━━━━━━━ 50,000/50,000  [ 0:04:21 < 0:00:00 , 180 it/s ]
 100% ━━━━━━━━━━━━━━━━━━━━━━━━━━ 50,000/50,000  [ 0:04:29 < 0:00:00 , 183 it/s ]
 100% ━━━━━━━━━━━━━━━━━━━━━━━━━━ 50,000/50,000  [ 0:04:23 < 0:00:00 , 179 it/s ]
 100% ━━━━━━━━━━━━━━━━━━━━━━━━━━ 50,000/50,000  [ 0:04:26 < 0:00:00 , 180 it/s ]
 100% ━━━━━━━━━━━━━━━━━━━━━━━━━━ 50,000/50,000  [ 0:04:20 < 0:00:00 , 187 it/s ]
 100% ━━━━━━━━━━━━━━━━━━━━━━━━━━ 50,000/50,000  [ 0:04:25 < 0:00:00 , 144 it/s ]
Moviepy - Building video /ssd003/home/bedaywim/PID-Accelerated-TD-Learning/outputs/DQNExperiment/acrobot/2023-06-27/22-45-41/episode1.0022701915761554,0.0014196247780191727,-0.002756389982374636,True,False.mp4/rl-video-episode-0.mp4.
Moviepy - Writing video /ssd003/home/bedaywim/PID-Accelerated-TD-Learning/outputs/DQNExperiment/acrobot/2023-06-27/22-45-41/episode1.0022701915761554,0.0014196247780191727,-0.002756389982374636,True,False.mp4/rl-video-episode-0.mp4

Moviepy - Done !
Moviepy - video ready /ssd003/home/bedaywim/PID-Accelerated-TD-Learning/outputs/DQNExperiment/acrobot/2023-06-27/22-45-41/episode1.0022701915761554,0.0014196247780191727,-0.002756389982374636,True,False.mp4/rl-video-episode-0.mp4
[2023-06-28 03:13:10,839][HYDRA] 	#6 : env=acrobot name=acrobot adapt_gains=True meta_lr=0.01 epsilon=0.01 d_tau=0.1
[2023-06-28 03:13:11,001][root][INFO] - The chosen seed is: 381104
 100% ━━━━━━━━━━━━━━━━━━━━━━━━━━ 50,000/50,000  [ 0:04:23 < 0:00:00 , 177 it/s ]
 100% ━━━━━━━━━━━━━━━━━━━━━━━━━━ 50,000/50,000  [ 0:04:19 < 0:00:00 , 187 it/s ]
 100% ━━━━━━━━━━━━━━━━━━━━━━━━━━ 50,000/50,000  [ 0:04:24 < 0:00:00 , 169 it/s ]
 100% ━━━━━━━━━━━━━━━━━━━━━━━━━━ 50,000/50,000  [ 0:04:15 < 0:00:00 , 192 it/s ]
 100% ━━━━━━━━━━━━━━━━━━━━━━━━━━ 50,000/50,000  [ 0:04:17 < 0:00:00 , 182 it/s ]
 100% ━━━━━━━━━━━━━━━━━━━━━━━━━━ 50,000/50,000  [ 0:04:18 < 0:00:00 , 185 it/s ]
 100% ━━━━━━━━━━━━━━━━━━━━━━━━━━ 50,000/50,000  [ 0:04:18 < 0:00:00 , 183 it/s ]
 100% ━━━━━━━━━━━━━━━━━━━━━━━━━━ 50,000/50,000  [ 0:04:19 < 0:00:00 , 193 it/s ]
 100% ━━━━━━━━━━━━━━━━━━━━━━━━━━ 50,000/50,000  [ 0:04:19 < 0:00:00 , 182 it/s ]
 100% ━━━━━━━━━━━━━━━━━━━━━━━━━━ 50,000/50,000  [ 0:04:24 < 0:00:00 , 182 it/s ]
Moviepy - Building video /ssd003/home/bedaywim/PID-Accelerated-TD-Learning/outputs/DQNExperiment/acrobot/2023-06-27/22-45-41/episode1.0022635829211595,0.0014326094022866153,0.004345512137849481,True,False.mp4/rl-video-episode-0.mp4.
Moviepy - Writing video /ssd003/home/bedaywim/PID-Accelerated-TD-Learning/outputs/DQNExperiment/acrobot/2023-06-27/22-45-41/episode1.0022635829211595,0.0014326094022866153,0.004345512137849481,True,False.mp4/rl-video-episode-0.mp4

Moviepy - Done !
Moviepy - video ready /ssd003/home/bedaywim/PID-Accelerated-TD-Learning/outputs/DQNExperiment/acrobot/2023-06-27/22-45-41/episode1.0022635829211595,0.0014326094022866153,0.004345512137849481,True,False.mp4/rl-video-episode-0.mp4
[2023-06-28 03:56:34,435][HYDRA] 	#7 : env=acrobot name=acrobot adapt_gains=True meta_lr=0.01 epsilon=0.01 d_tau=0.01
[2023-06-28 03:56:34,755][root][INFO] - The chosen seed is: 381104
 100% ━━━━━━━━━━━━━━━━━━━━━━━━━━ 50,000/50,000  [ 0:04:21 < 0:00:00 , 190 it/s ]
 100% ━━━━━━━━━━━━━━━━━━━━━━━━━━ 50,000/50,000  [ 0:04:19 < 0:00:00 , 178 it/s ]
 100% ━━━━━━━━━━━━━━━━━━━━━━━━━━ 50,000/50,000  [ 0:04:19 < 0:00:00 , 184 it/s ]
 100% ━━━━━━━━━━━━━━━━━━━━━━━━━━ 50,000/50,000  [ 0:04:18 < 0:00:00 , 181 it/s ]
 100% ━━━━━━━━━━━━━━━━━━━━━━━━━━ 50,000/50,000  [ 0:04:19 < 0:00:00 , 184 it/s ]
 100% ━━━━━━━━━━━━━━━━━━━━━━━━━━ 50,000/50,000  [ 0:04:25 < 0:00:00 , 182 it/s ]
 100% ━━━━━━━━━━━━━━━━━━━━━━━━━━ 50,000/50,000  [ 0:04:23 < 0:00:00 , 183 it/s ]
 100% ━━━━━━━━━━━━━━━━━━━━━━━━━━ 50,000/50,000  [ 0:04:14 < 0:00:00 , 192 it/s ]
 100% ━━━━━━━━━━━━━━━━━━━━━━━━━━ 50,000/50,000  [ 0:04:24 < 0:00:00 , 185 it/s ]
 100% ━━━━━━━━━━━━━━━━━━━━━━━━━━ 50,000/50,000  [ 0:04:16 < 0:00:00 , 190 it/s ]
Moviepy - Building video /ssd003/home/bedaywim/PID-Accelerated-TD-Learning/outputs/DQNExperiment/acrobot/2023-06-27/22-45-41/episode1.0022112754329027,0.001430354123365513,0.003021808613336085,True,False.mp4/rl-video-episode-0.mp4.
Moviepy - Writing video /ssd003/home/bedaywim/PID-Accelerated-TD-Learning/outputs/DQNExperiment/acrobot/2023-06-27/22-45-41/episode1.0022112754329027,0.001430354123365513,0.003021808613336085,True,False.mp4/rl-video-episode-0.mp4

Moviepy - Done !
Moviepy - video ready /ssd003/home/bedaywim/PID-Accelerated-TD-Learning/outputs/DQNExperiment/acrobot/2023-06-27/22-45-41/episode1.0022112754329027,0.001430354123365513,0.003021808613336085,True,False.mp4/rl-video-episode-0.mp4
[2023-06-28 04:39:59,088][HYDRA] 	#8 : env=acrobot name=acrobot adapt_gains=True meta_lr=0.01 epsilon=0.01 d_tau=0.001
[2023-06-28 04:39:59,397][root][INFO] - The chosen seed is: 381104
 100% ━━━━━━━━━━━━━━━━━━━━━━━━━━ 50,000/50,000  [ 0:04:16 < 0:00:00 , 185 it/s ]
 100% ━━━━━━━━━━━━━━━━━━━━━━━━━━ 50,000/50,000  [ 0:04:15 < 0:00:00 , 186 it/s ]
 100% ━━━━━━━━━━━━━━━━━━━━━━━━━━ 50,000/50,000  [ 0:04:14 < 0:00:00 , 184 it/s ]
 100% ━━━━━━━━━━━━━━━━━━━━━━━━━━ 50,000/50,000  [ 0:04:17 < 0:00:00 , 190 it/s ]
 100% ━━━━━━━━━━━━━━━━━━━━━━━━━━ 50,000/50,000  [ 0:04:26 < 0:00:00 , 186 it/s ]
 100% ━━━━━━━━━━━━━━━━━━━━━━━━━━ 50,000/50,000  [ 0:04:20 < 0:00:00 , 188 it/s ]
 100% ━━━━━━━━━━━━━━━━━━━━━━━━━━ 50,000/50,000  [ 0:04:16 < 0:00:00 , 180 it/s ]
 100% ━━━━━━━━━━━━━━━━━━━━━━━━━━ 50,000/50,000  [ 0:04:19 < 0:00:00 , 188 it/s ]
 100% ━━━━━━━━━━━━━━━━━━━━━━━━━━ 50,000/50,000  [ 0:04:17 < 0:00:00 , 184 it/s ]
 100% ━━━━━━━━━━━━━━━━━━━━━━━━━━ 50,000/50,000  [ 0:04:17 < 0:00:00 , 188 it/s ]
Moviepy - Building video /ssd003/home/bedaywim/PID-Accelerated-TD-Learning/outputs/DQNExperiment/acrobot/2023-06-27/22-45-41/episode1.0022920750036868,0.0014383170838361162,-0.003941491531230647,True,False.mp4/rl-video-episode-0.mp4.
Moviepy - Writing video /ssd003/home/bedaywim/PID-Accelerated-TD-Learning/outputs/DQNExperiment/acrobot/2023-06-27/22-45-41/episode1.0022920750036868,0.0014383170838361162,-0.003941491531230647,True,False.mp4/rl-video-episode-0.mp4

Moviepy - Done !
Moviepy - video ready /ssd003/home/bedaywim/PID-Accelerated-TD-Learning/outputs/DQNExperiment/acrobot/2023-06-27/22-45-41/episode1.0022920750036868,0.0014383170838361162,-0.003941491531230647,True,False.mp4/rl-video-episode-0.mp4
[2023-06-28 05:23:02,907][HYDRA] 	#9 : env=acrobot name=acrobot adapt_gains=True meta_lr=0.001 epsilon=0.25 d_tau=0.1
[2023-06-28 05:23:03,121][root][INFO] - The chosen seed is: 381104
 100% ━━━━━━━━━━━━━━━━━━━━━━━━━━ 50,000/50,000  [ 0:04:15 < 0:00:00 , 188 it/s ]
 100% ━━━━━━━━━━━━━━━━━━━━━━━━━━ 50,000/50,000  [ 0:04:16 < 0:00:00 , 186 it/s ]
 100% ━━━━━━━━━━━━━━━━━━━━━━━━━━ 50,000/50,000  [ 0:04:24 < 0:00:00 , 184 it/s ]
 100% ━━━━━━━━━━━━━━━━━━━━━━━━━━ 50,000/50,000  [ 0:04:14 < 0:00:00 , 184 it/s ]
 100% ━━━━━━━━━━━━━━━━━━━━━━━━━━ 50,000/50,000  [ 0:04:23 < 0:00:00 , 184 it/s ]
 100% ━━━━━━━━━━━━━━━━━━━━━━━━━━ 50,000/50,000  [ 0:04:16 < 0:00:00 , 188 it/s ]
 100% ━━━━━━━━━━━━━━━━━━━━━━━━━━ 50,000/50,000  [ 0:04:16 < 0:00:00 , 187 it/s ]
 100% ━━━━━━━━━━━━━━━━━━━━━━━━━━ 50,000/50,000  [ 0:04:17 < 0:00:00 , 187 it/s ]
 100% ━━━━━━━━━━━━━━━━━━━━━━━━━━ 50,000/50,000  [ 0:04:15 < 0:00:00 , 190 it/s ]
 100% ━━━━━━━━━━━━━━━━━━━━━━━━━━ 50,000/50,000  [ 0:04:19 < 0:00:00 , 185 it/s ]
Moviepy - Building video /ssd003/home/bedaywim/PID-Accelerated-TD-Learning/outputs/DQNExperiment/acrobot/2023-06-27/22-45-41/episode1.000227569625958,0.0001405432805268296,0.0004478339220944316,True,False.mp4/rl-video-episode-0.mp4.
Moviepy - Writing video /ssd003/home/bedaywim/PID-Accelerated-TD-Learning/outputs/DQNExperiment/acrobot/2023-06-27/22-45-41/episode1.000227569625958,0.0001405432805268296,0.0004478339220944316,True,False.mp4/rl-video-episode-0.mp4

Moviepy - Done !
Moviepy - video ready /ssd003/home/bedaywim/PID-Accelerated-TD-Learning/outputs/DQNExperiment/acrobot/2023-06-27/22-45-41/episode1.000227569625958,0.0001405432805268296,0.0004478339220944316,True,False.mp4/rl-video-episode-0.mp4
[2023-06-28 06:06:07,001][HYDRA] 	#10 : env=acrobot name=acrobot adapt_gains=True meta_lr=0.001 epsilon=0.25 d_tau=0.01
[2023-06-28 06:06:07,160][root][INFO] - The chosen seed is: 381104
 100% ━━━━━━━━━━━━━━━━━━━━━━━━━━ 50,000/50,000  [ 0:04:24 < 0:00:00 , 191 it/s ]
 100% ━━━━━━━━━━━━━━━━━━━━━━━━━━ 50,000/50,000  [ 0:04:14 < 0:00:00 , 186 it/s ]
 100% ━━━━━━━━━━━━━━━━━━━━━━━━━━ 50,000/50,000  [ 0:04:23 < 0:00:00 , 187 it/s ]
 100% ━━━━━━━━━━━━━━━━━━━━━━━━━━ 50,000/50,000  [ 0:04:30 < 0:00:00 , 180 it/s ]
 100% ━━━━━━━━━━━━━━━━━━━━━━━━━━ 50,000/50,000  [ 0:04:26 < 0:00:00 , 180 it/s ]
 100% ━━━━━━━━━━━━━━━━━━━━━━━━━━ 50,000/50,000  [ 0:04:27 < 0:00:00 , 176 it/s ]
 100% ━━━━━━━━━━━━━━━━━━━━━━━━━━ 50,000/50,000  [ 0:04:27 < 0:00:00 , 175 it/s ]
 100% ━━━━━━━━━━━━━━━━━━━━━━━━━━ 50,000/50,000  [ 0:04:34 < 0:00:00 , 175 it/s ]
 100% ━━━━━━━━━━━━━━━━━━━━━━━━━━ 50,000/50,000  [ 0:04:35 < 0:00:00 , 181 it/s ]
 100% ━━━━━━━━━━━━━━━━━━━━━━━━━━ 50,000/50,000  [ 0:04:28 < 0:00:00 , 178 it/s ]
Moviepy - Building video /ssd003/home/bedaywim/PID-Accelerated-TD-Learning/outputs/DQNExperiment/acrobot/2023-06-27/22-45-41/episode1.000221882898416,0.0001435561585651068,0.000821845344687802,True,False.mp4/rl-video-episode-0.mp4.
Moviepy - Writing video /ssd003/home/bedaywim/PID-Accelerated-TD-Learning/outputs/DQNExperiment/acrobot/2023-06-27/22-45-41/episode1.000221882898416,0.0001435561585651068,0.000821845344687802,True,False.mp4/rl-video-episode-0.mp4

Moviepy - Done !
Moviepy - video ready /ssd003/home/bedaywim/PID-Accelerated-TD-Learning/outputs/DQNExperiment/acrobot/2023-06-27/22-45-41/episode1.000221882898416,0.0001435561585651068,0.000821845344687802,True,False.mp4/rl-video-episode-0.mp4
[2023-06-28 06:50:41,969][HYDRA] 	#11 : env=acrobot name=acrobot adapt_gains=True meta_lr=0.001 epsilon=0.25 d_tau=0.001
[2023-06-28 06:50:42,132][root][INFO] - The chosen seed is: 381104
 100% ━━━━━━━━━━━━━━━━━━━━━━━━━━ 50,000/50,000  [ 0:04:33 < 0:00:00 , 180 it/s ]
 100% ━━━━━━━━━━━━━━━━━━━━━━━━━━ 50,000/50,000  [ 0:04:31 < 0:00:00 , 176 it/s ]
 100% ━━━━━━━━━━━━━━━━━━━━━━━━━━ 50,000/50,000  [ 0:04:32 < 0:00:00 , 177 it/s ]
 100% ━━━━━━━━━━━━━━━━━━━━━━━━━━ 50,000/50,000  [ 0:04:31 < 0:00:00 , 183 it/s ]
 100% ━━━━━━━━━━━━━━━━━━━━━━━━━━ 50,000/50,000  [ 0:04:30 < 0:00:00 , 176 it/s ]
 100% ━━━━━━━━━━━━━━━━━━━━━━━━━━ 50,000/50,000  [ 0:04:31 < 0:00:00 , 181 it/s ]
 100% ━━━━━━━━━━━━━━━━━━━━━━━━━━ 50,000/50,000  [ 0:04:35 < 0:00:00 , 176 it/s ]
 100% ━━━━━━━━━━━━━━━━━━━━━━━━━━ 50,000/50,000  [ 0:04:32 < 0:00:00 , 177 it/s ]
 100% ━━━━━━━━━━━━━━━━━━━━━━━━━━ 50,000/50,000  [ 0:04:35 < 0:00:00 , 174 it/s ]
 100% ━━━━━━━━━━━━━━━━━━━━━━━━━━ 50,000/50,000  [ 0:04:33 < 0:00:00 , 170 it/s ]
Moviepy - Building video /ssd003/home/bedaywim/PID-Accelerated-TD-Learning/outputs/DQNExperiment/acrobot/2023-06-27/22-45-41/episode1.0002192973017154,0.00014336854411110822,0.00026686518244094725,True,False.mp4/rl-video-episode-0.mp4.
Moviepy - Writing video /ssd003/home/bedaywim/PID-Accelerated-TD-Learning/outputs/DQNExperiment/acrobot/2023-06-27/22-45-41/episode1.0002192973017154,0.00014336854411110822,0.00026686518244094725,True,False.mp4/rl-video-episode-0.mp4

Moviepy - Done !
Moviepy - video ready /ssd003/home/bedaywim/PID-Accelerated-TD-Learning/outputs/DQNExperiment/acrobot/2023-06-27/22-45-41/episode1.0002192973017154,0.00014336854411110822,0.00026686518244094725,True,False.mp4/rl-video-episode-0.mp4
[2023-06-28 07:36:11,903][HYDRA] 	#12 : env=acrobot name=acrobot adapt_gains=True meta_lr=0.001 epsilon=0.1 d_tau=0.1
[2023-06-28 07:36:12,073][root][INFO] - The chosen seed is: 381104
 100% ━━━━━━━━━━━━━━━━━━━━━━━━━━ 50,000/50,000  [ 0:04:31 < 0:00:00 , 175 it/s ]
 100% ━━━━━━━━━━━━━━━━━━━━━━━━━━ 50,000/50,000  [ 0:04:30 < 0:00:00 , 179 it/s ]
 100% ━━━━━━━━━━━━━━━━━━━━━━━━━━ 50,000/50,000  [ 0:04:32 < 0:00:00 , 180 it/s ]
 100% ━━━━━━━━━━━━━━━━━━━━━━━━━━ 50,000/50,000  [ 0:04:23 < 0:00:00 , 179 it/s ]
 100% ━━━━━━━━━━━━━━━━━━━━━━━━━━ 50,000/50,000  [ 0:04:36 < 0:00:00 , 177 it/s ]
 100% ━━━━━━━━━━━━━━━━━━━━━━━━━━ 50,000/50,000  [ 0:04:30 < 0:00:00 , 180 it/s ]
 100% ━━━━━━━━━━━━━━━━━━━━━━━━━━ 50,000/50,000  [ 0:04:32 < 0:00:00 , 178 it/s ]
 100% ━━━━━━━━━━━━━━━━━━━━━━━━━━ 50,000/50,000  [ 0:04:31 < 0:00:00 , 178 it/s ]
 100% ━━━━━━━━━━━━━━━━━━━━━━━━━━ 50,000/50,000  [ 0:04:30 < 0:00:00 , 177 it/s ]
 100% ━━━━━━━━━━━━━━━━━━━━━━━━━━ 50,000/50,000  [ 0:04:31 < 0:00:00 , 177 it/s ]
Moviepy - Building video /ssd003/home/bedaywim/PID-Accelerated-TD-Learning/outputs/DQNExperiment/acrobot/2023-06-27/22-45-41/episode1.0002247060384393,0.00014132089675531533,0.00045699034698793106,True,False.mp4/rl-video-episode-0.mp4.
Moviepy - Writing video /ssd003/home/bedaywim/PID-Accelerated-TD-Learning/outputs/DQNExperiment/acrobot/2023-06-27/22-45-41/episode1.0002247060384393,0.00014132089675531533,0.00045699034698793106,True,False.mp4/rl-video-episode-0.mp4

Moviepy - Done !
Moviepy - video ready /ssd003/home/bedaywim/PID-Accelerated-TD-Learning/outputs/DQNExperiment/acrobot/2023-06-27/22-45-41/episode1.0002247060384393,0.00014132089675531533,0.00045699034698793106,True,False.mp4/rl-video-episode-0.mp4
[2023-06-28 08:21:24,938][HYDRA] 	#13 : env=acrobot name=acrobot adapt_gains=True meta_lr=0.001 epsilon=0.1 d_tau=0.01
[2023-06-28 08:21:25,093][root][INFO] - The chosen seed is: 381104
 100% ━━━━━━━━━━━━━━━━━━━━━━━━━━ 50,000/50,000  [ 0:04:35 < 0:00:00 , 177 it/s ]
 100% ━━━━━━━━━━━━━━━━━━━━━━━━━━ 50,000/50,000  [ 0:04:37 < 0:00:00 , 178 it/s ]
 100% ━━━━━━━━━━━━━━━━━━━━━━━━━━ 50,000/50,000  [ 0:04:31 < 0:00:00 , 179 it/s ]
 100% ━━━━━━━━━━━━━━━━━━━━━━━━━━ 50,000/50,000  [ 0:04:32 < 0:00:00 , 180 it/s ]
 100% ━━━━━━━━━━━━━━━━━━━━━━━━━━ 50,000/50,000  [ 0:04:32 < 0:00:00 , 176 it/s ]
 100% ━━━━━━━━━━━━━━━━━━━━━━━━━━ 50,000/50,000  [ 0:04:29 < 0:00:00 , 178 it/s ]
 100% ━━━━━━━━━━━━━━━━━━━━━━━━━━ 50,000/50,000  [ 0:04:29 < 0:00:00 , 179 it/s ]
 100% ━━━━━━━━━━━━━━━━━━━━━━━━━━ 50,000/50,000  [ 0:04:26 < 0:00:00 , 182 it/s ]
 100% ━━━━━━━━━━━━━━━━━━━━━━━━━━ 50,000/50,000  [ 0:04:25 < 0:00:00 , 183 it/s ]
 100% ━━━━━━━━━━━━━━━━━━━━━━━━━━ 50,000/50,000  [ 0:04:29 < 0:00:00 , 180 it/s ]
Moviepy - Building video /ssd003/home/bedaywim/PID-Accelerated-TD-Learning/outputs/DQNExperiment/acrobot/2023-06-27/22-45-41/episode1.0002178295571098,0.00014224365784075383,0.0007624507575187301,True,False.mp4/rl-video-episode-0.mp4.
Moviepy - Writing video /ssd003/home/bedaywim/PID-Accelerated-TD-Learning/outputs/DQNExperiment/acrobot/2023-06-27/22-45-41/episode1.0002178295571098,0.00014224365784075383,0.0007624507575187301,True,False.mp4/rl-video-episode-0.mp4

Moviepy - Done !
Moviepy - video ready /ssd003/home/bedaywim/PID-Accelerated-TD-Learning/outputs/DQNExperiment/acrobot/2023-06-27/22-45-41/episode1.0002178295571098,0.00014224365784075383,0.0007624507575187301,True,False.mp4/rl-video-episode-0.mp4
[2023-06-28 09:06:36,615][HYDRA] 	#14 : env=acrobot name=acrobot adapt_gains=True meta_lr=0.001 epsilon=0.1 d_tau=0.001
[2023-06-28 09:06:36,776][root][INFO] - The chosen seed is: 381104
 100% ━━━━━━━━━━━━━━━━━━━━━━━━━━ 50,000/50,000  [ 0:04:37 < 0:00:00 , 179 it/s ]
 100% ━━━━━━━━━━━━━━━━━━━━━━━━━━ 50,000/50,000  [ 0:04:28 < 0:00:00 , 181 it/s ]
 100% ━━━━━━━━━━━━━━━━━━━━━━━━━━ 50,000/50,000  [ 0:04:28 < 0:00:00 , 181 it/s ]
 100% ━━━━━━━━━━━━━━━━━━━━━━━━━━ 50,000/50,000  [ 0:04:25 < 0:00:00 , 176 it/s ]
 100% ━━━━━━━━━━━━━━━━━━━━━━━━━━ 50,000/50,000  [ 0:04:34 < 0:00:00 , 178 it/s ]
 100% ━━━━━━━━━━━━━━━━━━━━━━━━━━ 50,000/50,000  [ 0:04:29 < 0:00:00 , 178 it/s ]
 100% ━━━━━━━━━━━━━━━━━━━━━━━━━━ 50,000/50,000  [ 0:04:25 < 0:00:00 , 180 it/s ]
 100% ━━━━━━━━━━━━━━━━━━━━━━━━━━ 50,000/50,000  [ 0:04:28 < 0:00:00 , 176 it/s ]
 100% ━━━━━━━━━━━━━━━━━━━━━━━━━━ 50,000/50,000  [ 0:04:36 < 0:00:00 , 183 it/s ]
 100% ━━━━━━━━━━━━━━━━━━━━━━━━━━ 50,000/50,000  [ 0:04:30 < 0:00:00 , 177 it/s ]
Moviepy - Building video /ssd003/home/bedaywim/PID-Accelerated-TD-Learning/outputs/DQNExperiment/acrobot/2023-06-27/22-45-41/episode1.0002249255457076,0.0001433988070070675,0.0006608800264392843,True,False.mp4/rl-video-episode-0.mp4.
Moviepy - Writing video /ssd003/home/bedaywim/PID-Accelerated-TD-Learning/outputs/DQNExperiment/acrobot/2023-06-27/22-45-41/episode1.0002249255457076,0.0001433988070070675,0.0006608800264392843,True,False.mp4/rl-video-episode-0.mp4

Moviepy - Done !
Moviepy - video ready /ssd003/home/bedaywim/PID-Accelerated-TD-Learning/outputs/DQNExperiment/acrobot/2023-06-27/22-45-41/episode1.0002249255457076,0.0001433988070070675,0.0006608800264392843,True,False.mp4/rl-video-episode-0.mp4
[2023-06-28 09:51:43,342][HYDRA] 	#15 : env=acrobot name=acrobot adapt_gains=True meta_lr=0.001 epsilon=0.01 d_tau=0.1
[2023-06-28 09:51:43,508][root][INFO] - The chosen seed is: 381104
 100% ━━━━━━━━━━━━━━━━━━━━━━━━━━ 50,000/50,000  [ 0:04:32 < 0:00:00 , 179 it/s ]
 100% ━━━━━━━━━━━━━━━━━━━━━━━━━━ 50,000/50,000  [ 0:04:28 < 0:00:00 , 179 it/s ]
 100% ━━━━━━━━━━━━━━━━━━━━━━━━━━ 50,000/50,000  [ 0:04:31 < 0:00:00 , 176 it/s ]
 100% ━━━━━━━━━━━━━━━━━━━━━━━━━━ 50,000/50,000  [ 0:04:29 < 0:00:00 , 176 it/s ]
 100% ━━━━━━━━━━━━━━━━━━━━━━━━━━ 50,000/50,000  [ 0:04:28 < 0:00:00 , 176 it/s ]
 100% ━━━━━━━━━━━━━━━━━━━━━━━━━━ 50,000/50,000  [ 0:04:28 < 0:00:00 , 180 it/s ]
 100% ━━━━━━━━━━━━━━━━━━━━━━━━━━ 50,000/50,000  [ 0:04:34 < 0:00:00 , 180 it/s ]
 100% ━━━━━━━━━━━━━━━━━━━━━━━━━━ 50,000/50,000  [ 0:04:35 < 0:00:00 , 154 it/s ]
 100% ━━━━━━━━━━━━━━━━━━━━━━━━━━ 50,000/50,000  [ 0:04:30 < 0:00:00 , 175 it/s ]
 100% ━━━━━━━━━━━━━━━━━━━━━━━━━━ 50,000/50,000  [ 0:04:37 < 0:00:00 , 136 it/s ]
Moviepy - Building video /ssd003/home/bedaywim/PID-Accelerated-TD-Learning/outputs/DQNExperiment/acrobot/2023-06-27/22-45-41/episode1.0002212387018303,0.00013881824718044348,0.0004619951642834505,True,False.mp4/rl-video-episode-0.mp4.
Moviepy - Writing video /ssd003/home/bedaywim/PID-Accelerated-TD-Learning/outputs/DQNExperiment/acrobot/2023-06-27/22-45-41/episode1.0002212387018303,0.00013881824718044348,0.0004619951642834505,True,False.mp4/rl-video-episode-0.mp4

Moviepy - Done !
Moviepy - video ready /ssd003/home/bedaywim/PID-Accelerated-TD-Learning/outputs/DQNExperiment/acrobot/2023-06-27/22-45-41/episode1.0002212387018303,0.00013881824718044348,0.0004619951642834505,True,False.mp4/rl-video-episode-0.mp4
[2023-06-28 10:37:01,224][HYDRA] 	#16 : env=acrobot name=acrobot adapt_gains=True meta_lr=0.001 epsilon=0.01 d_tau=0.01
[2023-06-28 10:37:01,397][root][INFO] - The chosen seed is: 381104
 100% ━━━━━━━━━━━━━━━━━━━━━━━━━━ 50,000/50,000  [ 0:04:30 < 0:00:00 , 175 it/s ]
 100% ━━━━━━━━━━━━━━━━━━━━━━━━━━ 50,000/50,000  [ 0:04:27 < 0:00:00 , 181 it/s ]
 100% ━━━━━━━━━━━━━━━━━━━━━━━━━━ 50,000/50,000  [ 0:04:29 < 0:00:00 , 178 it/s ]
 100% ━━━━━━━━━━━━━━━━━━━━━━━━━━ 50,000/50,000  [ 0:04:28 < 0:00:00 , 178 it/s ]
 100% ━━━━━━━━━━━━━━━━━━━━━━━━━━ 50,000/50,000  [ 0:04:31 < 0:00:00 , 178 it/s ]
 100% ━━━━━━━━━━━━━━━━━━━━━━━━━━ 50,000/50,000  [ 0:04:35 < 0:00:00 , 180 it/s ]
 100% ━━━━━━━━━━━━━━━━━━━━━━━━━━ 50,000/50,000  [ 0:04:36 < 0:00:00 , 177 it/s ]
 100% ━━━━━━━━━━━━━━━━━━━━━━━━━━ 50,000/50,000  [ 0:04:28 < 0:00:00 , 179 it/s ]
 100% ━━━━━━━━━━━━━━━━━━━━━━━━━━ 50,000/50,000  [ 0:04:30 < 0:00:00 , 158 it/s ]
 100% ━━━━━━━━━━━━━━━━━━━━━━━━━━ 50,000/50,000  [ 0:04:26 < 0:00:00 , 179 it/s ]
Moviepy - Building video /ssd003/home/bedaywim/PID-Accelerated-TD-Learning/outputs/DQNExperiment/acrobot/2023-06-27/22-45-41/episode1.0002204066850606,0.00014865538645715881,0.000896391005745059,True,False.mp4/rl-video-episode-0.mp4.
Moviepy - Writing video /ssd003/home/bedaywim/PID-Accelerated-TD-Learning/outputs/DQNExperiment/acrobot/2023-06-27/22-45-41/episode1.0002204066850606,0.00014865538645715881,0.000896391005745059,True,False.mp4/rl-video-episode-0.mp4

Moviepy - Done !
Moviepy - video ready /ssd003/home/bedaywim/PID-Accelerated-TD-Learning/outputs/DQNExperiment/acrobot/2023-06-27/22-45-41/episode1.0002204066850606,0.00014865538645715881,0.000896391005745059,True,False.mp4/rl-video-episode-0.mp4
[2023-06-28 11:22:09,770][HYDRA] 	#17 : env=acrobot name=acrobot adapt_gains=True meta_lr=0.001 epsilon=0.01 d_tau=0.001
[2023-06-28 11:22:10,244][root][INFO] - The chosen seed is: 381104
 100% ━━━━━━━━━━━━━━━━━━━━━━━━━━ 50,000/50,000  [ 0:04:31 < 0:00:00 , 177 it/s ]
 100% ━━━━━━━━━━━━━━━━━━━━━━━━━━ 50,000/50,000  [ 0:04:43 < 0:00:00 , 179 it/s ]
 100% ━━━━━━━━━━━━━━━━━━━━━━━━━━ 50,000/50,000  [ 0:04:31 < 0:00:00 , 179 it/s ]
 100% ━━━━━━━━━━━━━━━━━━━━━━━━━━ 50,000/50,000  [ 0:04:33 < 0:00:00 , 173 it/s ]
 100% ━━━━━━━━━━━━━━━━━━━━━━━━━━ 50,000/50,000  [ 0:04:32 < 0:00:00 , 177 it/s ]
 100% ━━━━━━━━━━━━━━━━━━━━━━━━━━ 50,000/50,000  [ 0:04:38 < 0:00:00 , 177 it/s ]
 100% ━━━━━━━━━━━━━━━━━━━━━━━━━━ 50,000/50,000  [ 0:04:31 < 0:00:00 , 178 it/s ]
 100% ━━━━━━━━━━━━━━━━━━━━━━━━━━ 50,000/50,000  [ 0:04:28 < 0:00:00 , 183 it/s ]
 100% ━━━━━━━━━━━━━━━━━━━━━━━━━━ 50,000/50,000  [ 0:04:27 < 0:00:00 , 181 it/s ]
 100% ━━━━━━━━━━━━━━━━━━━━━━━━━━ 50,000/50,000  [ 0:04:28 < 0:00:00 , 177 it/s ]
Moviepy - Building video /ssd003/home/bedaywim/PID-Accelerated-TD-Learning/outputs/DQNExperiment/acrobot/2023-06-27/22-45-41/episode1.0002228307204029,0.000140580473108615,0.0005147294524582522,True,False.mp4/rl-video-episode-0.mp4.
Moviepy - Writing video /ssd003/home/bedaywim/PID-Accelerated-TD-Learning/outputs/DQNExperiment/acrobot/2023-06-27/22-45-41/episode1.0002228307204029,0.000140580473108615,0.0005147294524582522,True,False.mp4/rl-video-episode-0.mp4

Moviepy - Done !
Moviepy - video ready /ssd003/home/bedaywim/PID-Accelerated-TD-Learning/outputs/DQNExperiment/acrobot/2023-06-27/22-45-41/episode1.0002228307204029,0.000140580473108615,0.0005147294524582522,True,False.mp4/rl-video-episode-0.mp4
[2023-06-28 12:07:40,341][HYDRA] 	#18 : env=acrobot name=acrobot adapt_gains=True meta_lr=0.0001 epsilon=0.25 d_tau=0.1
[2023-06-28 12:07:40,508][root][INFO] - The chosen seed is: 381104
 100% ━━━━━━━━━━━━━━━━━━━━━━━━━━ 50,000/50,000  [ 0:04:30 < 0:00:00 , 177 it/s ]
 100% ━━━━━━━━━━━━━━━━━━━━━━━━━━ 50,000/50,000  [ 0:04:31 < 0:00:00 , 179 it/s ]
 100% ━━━━━━━━━━━━━━━━━━━━━━━━━━ 50,000/50,000  [ 0:04:38 < 0:00:00 , 178 it/s ]
 100% ━━━━━━━━━━━━━━━━━━━━━━━━━━ 50,000/50,000  [ 0:04:31 < 0:00:00 , 178 it/s ]
 100% ━━━━━━━━━━━━━━━━━━━━━━━━━━ 50,000/50,000  [ 0:04:35 < 0:00:00 , 181 it/s ]
 100% ━━━━━━━━━━━━━━━━━━━━━━━━━━ 50,000/50,000  [ 0:04:29 < 0:00:00 , 180 it/s ]
 100% ━━━━━━━━━━━━━━━━━━━━━━━━━━ 50,000/50,000  [ 0:04:29 < 0:00:00 , 173 it/s ]
 100% ━━━━━━━━━━━━━━━━━━━━━━━━━━ 50,000/50,000  [ 0:04:34 < 0:00:00 , 166 it/s ]
 100% ━━━━━━━━━━━━━━━━━━━━━━━━━━ 50,000/50,000  [ 0:04:34 < 0:00:00 , 160 it/s ]
 100% ━━━━━━━━━━━━━━━━━━━━━━━━━━ 50,000/50,000  [ 0:04:32 < 0:00:00 , 172 it/s ]
Moviepy - Building video /ssd003/home/bedaywim/PID-Accelerated-TD-Learning/outputs/DQNExperiment/acrobot/2023-06-27/22-45-41/episode1.0000223291112138,1.4031819977107191e-05,4.6607085808834664e-05,True,False.mp4/rl-video-episode-0.mp4.
Moviepy - Writing video /ssd003/home/bedaywim/PID-Accelerated-TD-Learning/outputs/DQNExperiment/acrobot/2023-06-27/22-45-41/episode1.0000223291112138,1.4031819977107191e-05,4.6607085808834664e-05,True,False.mp4/rl-video-episode-0.mp4

Moviepy - Done !
Moviepy - video ready /ssd003/home/bedaywim/PID-Accelerated-TD-Learning/outputs/DQNExperiment/acrobot/2023-06-27/22-45-41/episode1.0000223291112138,1.4031819977107191e-05,4.6607085808834664e-05,True,False.mp4/rl-video-episode-0.mp4
[2023-06-28 12:53:11,280][HYDRA] 	#19 : env=acrobot name=acrobot adapt_gains=True meta_lr=0.0001 epsilon=0.25 d_tau=0.01
[2023-06-28 12:53:11,446][root][INFO] - The chosen seed is: 381104
 100% ━━━━━━━━━━━━━━━━━━━━━━━━━━ 50,000/50,000  [ 0:04:40 < 0:00:00 , 180 it/s ]
 100% ━━━━━━━━━━━━━━━━━━━━━━━━━━ 50,000/50,000  [ 0:04:31 < 0:00:00 , 177 it/s ]
 100% ━━━━━━━━━━━━━━━━━━━━━━━━━━ 50,000/50,000  [ 0:04:28 < 0:00:00 , 183 it/s ]
 100% ━━━━━━━━━━━━━━━━━━━━━━━━━━ 50,000/50,000  [ 0:04:34 < 0:00:00 , 178 it/s ]
 100% ━━━━━━━━━━━━━━━━━━━━━━━━━━ 50,000/50,000  [ 0:04:30 < 0:00:00 , 178 it/s ]
 100% ━━━━━━━━━━━━━━━━━━━━━━━━━━ 50,000/50,000  [ 0:04:29 < 0:00:00 , 178 it/s ]
 100% ━━━━━━━━━━━━━━━━━━━━━━━━━━ 50,000/50,000  [ 0:04:36 < 0:00:00 , 178 it/s ]
 100% ━━━━━━━━━━━━━━━━━━━━━━━━━━ 50,000/50,000  [ 0:04:31 < 0:00:00 , 179 it/s ]
 100% ━━━━━━━━━━━━━━━━━━━━━━━━━━ 50,000/50,000  [ 0:04:30 < 0:00:00 , 178 it/s ]
 100% ━━━━━━━━━━━━━━━━━━━━━━━━━━ 50,000/50,000  [ 0:04:24 < 0:00:00 , 182 it/s ]
Moviepy - Building video /ssd003/home/bedaywim/PID-Accelerated-TD-Learning/outputs/DQNExperiment/acrobot/2023-06-27/22-45-41/episode1.0000219093343048,1.537092922506407e-05,7.75323523727669e-05,True,False.mp4/rl-video-episode-0.mp4.
Moviepy - Writing video /ssd003/home/bedaywim/PID-Accelerated-TD-Learning/outputs/DQNExperiment/acrobot/2023-06-27/22-45-41/episode1.0000219093343048,1.537092922506407e-05,7.75323523727669e-05,True,False.mp4/rl-video-episode-0.mp4

Moviepy - Done !
Moviepy - video ready /ssd003/home/bedaywim/PID-Accelerated-TD-Learning/outputs/DQNExperiment/acrobot/2023-06-27/22-45-41/episode1.0000219093343048,1.537092922506407e-05,7.75323523727669e-05,True,False.mp4/rl-video-episode-0.mp4
[2023-06-28 13:38:32,874][HYDRA] 	#20 : env=acrobot name=acrobot adapt_gains=True meta_lr=0.0001 epsilon=0.25 d_tau=0.001
[2023-06-28 13:38:33,044][root][INFO] - The chosen seed is: 381104
 100% ━━━━━━━━━━━━━━━━━━━━━━━━━━ 50,000/50,000  [ 0:04:28 < 0:00:00 , 180 it/s ]
 100% ━━━━━━━━━━━━━━━━━━━━━━━━━━ 50,000/50,000  [ 0:04:23 < 0:00:00 , 188 it/s ]
 100% ━━━━━━━━━━━━━━━━━━━━━━━━━━ 50,000/50,000  [ 0:04:23 < 0:00:00 , 185 it/s ]
 100% ━━━━━━━━━━━━━━━━━━━━━━━━━━ 50,000/50,000  [ 0:04:12 < 0:00:00 , 190 it/s ]
 100% ━━━━━━━━━━━━━━━━━━━━━━━━━━ 50,000/50,000  [ 0:04:17 < 0:00:00 , 185 it/s ]
 100% ━━━━━━━━━━━━━━━━━━━━━━━━━━ 50,000/50,000  [ 0:04:14 < 0:00:00 , 189 it/s ]
 100% ━━━━━━━━━━━━━━━━━━━━━━━━━━ 50,000/50,000  [ 0:04:13 < 0:00:00 , 189 it/s ]
 100% ━━━━━━━━━━━━━━━━━━━━━━━━━━ 50,000/50,000  [ 0:04:17 < 0:00:00 , 188 it/s ]
 100% ━━━━━━━━━━━━━━━━━━━━━━━━━━ 50,000/50,000  [ 0:04:14 < 0:00:00 , 190 it/s ]
 100% ━━━━━━━━━━━━━━━━━━━━━━━━━━ 50,000/50,000  [ 0:04:15 < 0:00:00 , 191 it/s ]
Moviepy - Building video /ssd003/home/bedaywim/PID-Accelerated-TD-Learning/outputs/DQNExperiment/acrobot/2023-06-27/22-45-41/episode1.00002252701846,1.3093870001040258e-05,9.07929675442233e-05,True,False.mp4/rl-video-episode-0.mp4.
Moviepy - Writing video /ssd003/home/bedaywim/PID-Accelerated-TD-Learning/outputs/DQNExperiment/acrobot/2023-06-27/22-45-41/episode1.00002252701846,1.3093870001040258e-05,9.07929675442233e-05,True,False.mp4/rl-video-episode-0.mp4

Moviepy - Done !
Moviepy - video ready /ssd003/home/bedaywim/PID-Accelerated-TD-Learning/outputs/DQNExperiment/acrobot/2023-06-27/22-45-41/episode1.00002252701846,1.3093870001040258e-05,9.07929675442233e-05,True,False.mp4/rl-video-episode-0.mp4
[2023-06-28 14:21:35,517][HYDRA] 	#21 : env=acrobot name=acrobot adapt_gains=True meta_lr=0.0001 epsilon=0.1 d_tau=0.1
[2023-06-28 14:21:35,689][root][INFO] - The chosen seed is: 381104
 100% ━━━━━━━━━━━━━━━━━━━━━━━━━━ 50,000/50,000  [ 0:04:14 < 0:00:00 , 189 it/s ]
 100% ━━━━━━━━━━━━━━━━━━━━━━━━━━ 50,000/50,000  [ 0:04:12 < 0:00:00 , 189 it/s ]
 100% ━━━━━━━━━━━━━━━━━━━━━━━━━━ 50,000/50,000  [ 0:04:14 < 0:00:00 , 187 it/s ]
 100% ━━━━━━━━━━━━━━━━━━━━━━━━━━ 50,000/50,000  [ 0:04:13 < 0:00:00 , 188 it/s ]
 100% ━━━━━━━━━━━━━━━━━━━━━━━━━━ 50,000/50,000  [ 0:04:11 < 0:00:00 , 184 it/s ]
 100% ━━━━━━━━━━━━━━━━━━━━━━━━━━ 50,000/50,000  [ 0:04:16 < 0:00:00 , 190 it/s ]
 100% ━━━━━━━━━━━━━━━━━━━━━━━━━━ 50,000/50,000  [ 0:04:14 < 0:00:00 , 190 it/s ]
 100% ━━━━━━━━━━━━━━━━━━━━━━━━━━ 50,000/50,000  [ 0:04:18 < 0:00:00 , 186 it/s ]
 100% ━━━━━━━━━━━━━━━━━━━━━━━━━━ 50,000/50,000  [ 0:04:16 < 0:00:00 , 186 it/s ]
 100% ━━━━━━━━━━━━━━━━━━━━━━━━━━ 50,000/50,000  [ 0:04:18 < 0:00:00 , 181 it/s ]
Moviepy - Building video /ssd003/home/bedaywim/PID-Accelerated-TD-Learning/outputs/DQNExperiment/acrobot/2023-06-27/22-45-41/episode1.0000221974095818,1.4589039973872225e-05,4.300723654048282e-05,True,False.mp4/rl-video-episode-0.mp4.
Moviepy - Writing video /ssd003/home/bedaywim/PID-Accelerated-TD-Learning/outputs/DQNExperiment/acrobot/2023-06-27/22-45-41/episode1.0000221974095818,1.4589039973872225e-05,4.300723654048282e-05,True,False.mp4/rl-video-episode-0.mp4

Moviepy - Done !
Moviepy - video ready /ssd003/home/bedaywim/PID-Accelerated-TD-Learning/outputs/DQNExperiment/acrobot/2023-06-27/22-45-41/episode1.0000221974095818,1.4589039973872225e-05,4.300723654048282e-05,True,False.mp4/rl-video-episode-0.mp4
[2023-06-28 15:04:08,937][HYDRA] 	#22 : env=acrobot name=acrobot adapt_gains=True meta_lr=0.0001 epsilon=0.1 d_tau=0.01
[2023-06-28 15:04:09,099][root][INFO] - The chosen seed is: 381104
 100% ━━━━━━━━━━━━━━━━━━━━━━━━━━ 50,000/50,000  [ 0:04:18 < 0:00:00 , 187 it/s ]
 100% ━━━━━━━━━━━━━━━━━━━━━━━━━━ 50,000/50,000  [ 0:04:28 < 0:00:00 , 189 it/s ]
 100% ━━━━━━━━━━━━━━━━━━━━━━━━━━ 50,000/50,000  [ 0:04:18 < 0:00:00 , 185 it/s ]
 100% ━━━━━━━━━━━━━━━━━━━━━━━━━━ 50,000/50,000  [ 0:04:34 < 0:00:00 , 174 it/s ]
 100% ━━━━━━━━━━━━━━━━━━━━━━━━━━ 50,000/50,000  [ 0:04:19 < 0:00:00 , 187 it/s ]
 100% ━━━━━━━━━━━━━━━━━━━━━━━━━━ 50,000/50,000  [ 0:04:19 < 0:00:00 , 184 it/s ]
 100% ━━━━━━━━━━━━━━━━━━━━━━━━━━ 50,000/50,000  [ 0:04:16 < 0:00:00 , 183 it/s ]
 100% ━━━━━━━━━━━━━━━━━━━━━━━━━━ 50,000/50,000  [ 0:04:15 < 0:00:00 , 188 it/s ]
 100% ━━━━━━━━━━━━━━━━━━━━━━━━━━ 50,000/50,000  [ 0:04:24 < 0:00:00 , 186 it/s ]
 100% ━━━━━━━━━━━━━━━━━━━━━━━━━━ 50,000/50,000  [ 0:04:20 < 0:00:00 , 185 it/s ]
Moviepy - Building video /ssd003/home/bedaywim/PID-Accelerated-TD-Learning/outputs/DQNExperiment/acrobot/2023-06-27/22-45-41/episode1.0000222390487317,1.4834726202127343e-05,8.002470017801274e-05,True,False.mp4/rl-video-episode-0.mp4.
Moviepy - Writing video /ssd003/home/bedaywim/PID-Accelerated-TD-Learning/outputs/DQNExperiment/acrobot/2023-06-27/22-45-41/episode1.0000222390487317,1.4834726202127343e-05,8.002470017801274e-05,True,False.mp4/rl-video-episode-0.mp4

Moviepy - Done !
Moviepy - video ready /ssd003/home/bedaywim/PID-Accelerated-TD-Learning/outputs/DQNExperiment/acrobot/2023-06-27/22-45-41/episode1.0000222390487317,1.4834726202127343e-05,8.002470017801274e-05,True,False.mp4/rl-video-episode-0.mp4
[2023-06-28 15:47:46,801][HYDRA] 	#23 : env=acrobot name=acrobot adapt_gains=True meta_lr=0.0001 epsilon=0.1 d_tau=0.001
[2023-06-28 15:47:46,960][root][INFO] - The chosen seed is: 381104
 100% ━━━━━━━━━━━━━━━━━━━━━━━━━━ 50,000/50,000  [ 0:04:18 < 0:00:00 , 186 it/s ]
 100% ━━━━━━━━━━━━━━━━━━━━━━━━━━ 50,000/50,000  [ 0:04:35 < 0:00:00 , 186 it/s ]
 100% ━━━━━━━━━━━━━━━━━━━━━━━━━━ 50,000/50,000  [ 0:04:19 < 0:00:00 , 189 it/s ]
 100% ━━━━━━━━━━━━━━━━━━━━━━━━━━ 50,000/50,000  [ 0:04:16 < 0:00:00 , 187 it/s ]
 100% ━━━━━━━━━━━━━━━━━━━━━━━━━━ 50,000/50,000  [ 0:04:29 < 0:00:00 , 183 it/s ]
 100% ━━━━━━━━━━━━━━━━━━━━━━━━━━ 50,000/50,000  [ 0:04:17 < 0:00:00 , 186 it/s ]
 100% ━━━━━━━━━━━━━━━━━━━━━━━━━━ 50,000/50,000  [ 0:04:16 < 0:00:00 , 190 it/s ]
 100% ━━━━━━━━━━━━━━━━━━━━━━━━━━ 50,000/50,000  [ 0:04:21 < 0:00:00 , 191 it/s ]
 100% ━━━━━━━━━━━━━━━━━━━━━━━━━━ 50,000/50,000  [ 0:04:29 < 0:00:00 , 182 it/s ]
 100% ━━━━━━━━━━━━━━━━━━━━━━━━━━ 50,000/50,000  [ 0:04:25 < 0:00:00 , 187 it/s ]
Moviepy - Building video /ssd003/home/bedaywim/PID-Accelerated-TD-Learning/outputs/DQNExperiment/acrobot/2023-06-27/22-45-41/episode1.000023032402369,1.4085416849846331e-05,8.614832362174903e-05,True,False.mp4/rl-video-episode-0.mp4.
Moviepy - Writing video /ssd003/home/bedaywim/PID-Accelerated-TD-Learning/outputs/DQNExperiment/acrobot/2023-06-27/22-45-41/episode1.000023032402369,1.4085416849846331e-05,8.614832362174903e-05,True,False.mp4/rl-video-episode-0.mp4

Moviepy - Done !
Moviepy - video ready /ssd003/home/bedaywim/PID-Accelerated-TD-Learning/outputs/DQNExperiment/acrobot/2023-06-27/22-45-41/episode1.000023032402369,1.4085416849846331e-05,8.614832362174903e-05,True,False.mp4/rl-video-episode-0.mp4
[2023-06-28 16:31:38,754][HYDRA] 	#24 : env=acrobot name=acrobot adapt_gains=True meta_lr=0.0001 epsilon=0.01 d_tau=0.1
[2023-06-28 16:31:39,084][root][INFO] - The chosen seed is: 381104
 100% ━━━━━━━━━━━━━━━━━━━━━━━━━━ 50,000/50,000  [ 0:04:21 < 0:00:00 , 186 it/s ]
 100% ━━━━━━━━━━━━━━━━━━━━━━━━━━ 50,000/50,000  [ 0:04:23 < 0:00:00 , 183 it/s ]
 100% ━━━━━━━━━━━━━━━━━━━━━━━━━━ 50,000/50,000  [ 0:04:16 < 0:00:00 , 185 it/s ]
 100% ━━━━━━━━━━━━━━━━━━━━━━━━━━ 50,000/50,000  [ 0:04:17 < 0:00:00 , 187 it/s ]
 100% ━━━━━━━━━━━━━━━━━━━━━━━━━━ 50,000/50,000  [ 0:04:19 < 0:00:00 , 184 it/s ]
 100% ━━━━━━━━━━━━━━━━━━━━━━━━━━ 50,000/50,000  [ 0:04:24 < 0:00:00 , 187 it/s ]
 100% ━━━━━━━━━━━━━━━━━━━━━━━━━━ 50,000/50,000  [ 0:04:18 < 0:00:00 , 182 it/s ]
 100% ━━━━━━━━━━━━━━━━━━━━━━━━━━ 50,000/50,000  [ 0:04:21 < 0:00:00 , 179 it/s ]
 100% ━━━━━━━━━━━━━━━━━━━━━━━━━━ 50,000/50,000  [ 0:04:23 < 0:00:00 , 185 it/s ]
 100% ━━━━━━━━━━━━━━━━━━━━━━━━━━ 50,000/50,000  [ 0:04:25 < 0:00:00 , 182 it/s ]
Moviepy - Building video /ssd003/home/bedaywim/PID-Accelerated-TD-Learning/outputs/DQNExperiment/acrobot/2023-06-27/22-45-41/episode1.0000229998230061,1.4005770368687587e-05,4.8705742923348846e-05,True,False.mp4/rl-video-episode-0.mp4.
Moviepy - Writing video /ssd003/home/bedaywim/PID-Accelerated-TD-Learning/outputs/DQNExperiment/acrobot/2023-06-27/22-45-41/episode1.0000229998230061,1.4005770368687587e-05,4.8705742923348846e-05,True,False.mp4/rl-video-episode-0.mp4

Moviepy - Done !
Moviepy - video ready /ssd003/home/bedaywim/PID-Accelerated-TD-Learning/outputs/DQNExperiment/acrobot/2023-06-27/22-45-41/episode1.0000229998230061,1.4005770368687587e-05,4.8705742923348846e-05,True,False.mp4/rl-video-episode-0.mp4
[2023-06-28 17:15:13,232][HYDRA] 	#25 : env=acrobot name=acrobot adapt_gains=True meta_lr=0.0001 epsilon=0.01 d_tau=0.01
[2023-06-28 17:15:13,384][root][INFO] - The chosen seed is: 381104
 100% ━━━━━━━━━━━━━━━━━━━━━━━━━━ 50,000/50,000  [ 0:04:25 < 0:00:00 , 177 it/s ]
 100% ━━━━━━━━━━━━━━━━━━━━━━━━━━ 50,000/50,000  [ 0:04:18 < 0:00:00 , 186 it/s ]
 100% ━━━━━━━━━━━━━━━━━━━━━━━━━━ 50,000/50,000  [ 0:04:19 < 0:00:00 , 183 it/s ]
 100% ━━━━━━━━━━━━━━━━━━━━━━━━━━ 50,000/50,000  [ 0:04:16 < 0:00:00 , 188 it/s ]
 100% ━━━━━━━━━━━━━━━━━━━━━━━━━━ 50,000/50,000  [ 0:04:16 < 0:00:00 , 189 it/s ]
 100% ━━━━━━━━━━━━━━━━━━━━━━━━━━ 50,000/50,000  [ 0:04:18 < 0:00:00 , 188 it/s ]
 100% ━━━━━━━━━━━━━━━━━━━━━━━━━━ 50,000/50,000  [ 0:04:16 < 0:00:00 , 188 it/s ]
 100% ━━━━━━━━━━━━━━━━━━━━━━━━━━ 50,000/50,000  [ 0:04:22 < 0:00:00 , 185 it/s ]
 100% ━━━━━━━━━━━━━━━━━━━━━━━━━━ 50,000/50,000  [ 0:04:18 < 0:00:00 , 187 it/s ]
 100% ━━━━━━━━━━━━━━━━━━━━━━━━━━ 50,000/50,000  [ 0:04:20 < 0:00:00 , 185 it/s ]
Moviepy - Building video /ssd003/home/bedaywim/PID-Accelerated-TD-Learning/outputs/DQNExperiment/acrobot/2023-06-27/22-45-41/episode1.0000231857821353,1.3504754851841788e-05,0.00010038097971596882,True,False.mp4/rl-video-episode-0.mp4.
Moviepy - Writing video /ssd003/home/bedaywim/PID-Accelerated-TD-Learning/outputs/DQNExperiment/acrobot/2023-06-27/22-45-41/episode1.0000231857821353,1.3504754851841788e-05,0.00010038097971596882,True,False.mp4/rl-video-episode-0.mp4

Moviepy - Done !
Moviepy - video ready /ssd003/home/bedaywim/PID-Accelerated-TD-Learning/outputs/DQNExperiment/acrobot/2023-06-27/22-45-41/episode1.0000231857821353,1.3504754851841788e-05,0.00010038097971596882,True,False.mp4/rl-video-episode-0.mp4
[2023-06-28 17:58:29,106][HYDRA] 	#26 : env=acrobot name=acrobot adapt_gains=True meta_lr=0.0001 epsilon=0.01 d_tau=0.001
[2023-06-28 17:58:29,286][root][INFO] - The chosen seed is: 381104
 100% ━━━━━━━━━━━━━━━━━━━━━━━━━━ 50,000/50,000  [ 0:04:19 < 0:00:00 , 189 it/s ]
 100% ━━━━━━━━━━━━━━━━━━━━━━━━━━ 50,000/50,000  [ 0:04:18 < 0:00:00 , 178 it/s ]
 100% ━━━━━━━━━━━━━━━━━━━━━━━━━━ 50,000/50,000  [ 0:04:23 < 0:00:00 , 182 it/s ]
 100% ━━━━━━━━━━━━━━━━━━━━━━━━━━ 50,000/50,000  [ 0:04:19 < 0:00:00 , 182 it/s ]
 100% ━━━━━━━━━━━━━━━━━━━━━━━━━━ 50,000/50,000  [ 0:04:20 < 0:00:00 , 181 it/s ]
 100% ━━━━━━━━━━━━━━━━━━━━━━━━━━ 50,000/50,000  [ 0:04:18 < 0:00:00 , 188 it/s ]
 100% ━━━━━━━━━━━━━━━━━━━━━━━━━━ 50,000/50,000  [ 0:04:21 < 0:00:00 , 185 it/s ]
 100% ━━━━━━━━━━━━━━━━━━━━━━━━━━ 50,000/50,000  [ 0:04:24 < 0:00:00 , 181 it/s ]
 100% ━━━━━━━━━━━━━━━━━━━━━━━━━━ 50,000/50,000  [ 0:04:17 < 0:00:00 , 186 it/s ]
 100% ━━━━━━━━━━━━━━━━━━━━━━━━━━ 50,000/50,000  [ 0:04:27 < 0:00:00 , 184 it/s ]
Moviepy - Building video /ssd003/home/bedaywim/PID-Accelerated-TD-Learning/outputs/DQNExperiment/acrobot/2023-06-27/22-45-41/episode1.0000223641405968,1.4424643466818792e-05,6.66438420351747e-05,True,False.mp4/rl-video-episode-0.mp4.
Moviepy - Writing video /ssd003/home/bedaywim/PID-Accelerated-TD-Learning/outputs/DQNExperiment/acrobot/2023-06-27/22-45-41/episode1.0000223641405968,1.4424643466818792e-05,6.66438420351747e-05,True,False.mp4/rl-video-episode-0.mp4

Moviepy - Done !
Moviepy - video ready /ssd003/home/bedaywim/PID-Accelerated-TD-Learning/outputs/DQNExperiment/acrobot/2023-06-27/22-45-41/episode1.0000223641405968,1.4424643466818792e-05,6.66438420351747e-05,True,False.mp4/rl-video-episode-0.mp4
