[2023-06-28 22:18:59,140][HYDRA] Launching 12 jobs locally
[2023-06-28 22:18:59,142][HYDRA] 	#0 : env=cartpole name=cartpole kd=0 d_tau=1 tabular_d=True
[2023-06-28 22:18:59,572][root][INFO] - The chosen seed is: 979158
 100% ━━━━━━━━━━━━━━━━━━━━━━━━━━ 50,176/50,000  [ 0:02:08 < 0:00:00 , 377 it/s ]
 100% ━━━━━━━━━━━━━━━━━━━━━━━━━━ 50,176/50,000  [ 0:02:09 < 0:00:00 , 401 it/s ]
 100% ━━━━━━━━━━━━━━━━━━━━━━━━━━ 50,176/50,000  [ 0:02:14 < 0:00:00 , 353 it/s ]
 100% ━━━━━━━━━━━━━━━━━━━━━━━━━━ 50,176/50,000  [ 0:02:28 < 0:00:00 , 348 it/s ]
 100% ━━━━━━━━━━━━━━━━━━━━━━━━━━ 50,176/50,000  [ 0:02:37 < 0:00:00 , 344 it/s ]
 100% ━━━━━━━━━━━━━━━━━━━━━━━━━━ 50,176/50,000  [ 0:02:25 < 0:00:00 , 344 it/s ]
 100% ━━━━━━━━━━━━━━━━━━━━━━━━━━ 50,176/50,000  [ 0:02:24 < 0:00:00 , 356 it/s ]
 100% ━━━━━━━━━━━━━━━━━━━━━━━━━━ 50,176/50,000  [ 0:02:23 < 0:00:00 , 356 it/s ]
 100% ━━━━━━━━━━━━━━━━━━━━━━━━━━ 50,176/50,000  [ 0:02:26 < 0:00:00 , 377 it/s ]
 100% ━━━━━━━━━━━━━━━━━━━━━━━━━━ 50,176/50,000  [ 0:02:10 < 0:00:00 , 403 it/s ]
Moviepy - Building video /ssd003/home/bedaywim/PID-Accelerated-TD-Learning/outputs/DQNExperiment/cartpole/2023-06-28/22-18-57/episode1,0,0,False,True.mp4/rl-video-episode-0.mp4.
Moviepy - Writing video /ssd003/home/bedaywim/PID-Accelerated-TD-Learning/outputs/DQNExperiment/cartpole/2023-06-28/22-18-57/episode1,0,0,False,True.mp4/rl-video-episode-0.mp4

Moviepy - Done !
Moviepy - video ready /ssd003/home/bedaywim/PID-Accelerated-TD-Learning/outputs/DQNExperiment/cartpole/2023-06-28/22-18-57/episode1,0,0,False,True.mp4/rl-video-episode-0.mp4
[2023-06-28 22:42:46,149][HYDRA] 	#1 : env=cartpole name=cartpole kd=0 d_tau=1 tabular_d=False
[2023-06-28 22:42:46,317][root][INFO] - The chosen seed is: 979158
 100% ━━━━━━━━━━━━━━━━━━━━━━━━━━ 50,176/50,000  [ 0:02:15 < 0:00:00 , 368 it/s ]
 100% ━━━━━━━━━━━━━━━━━━━━━━━━━━ 50,176/50,000  [ 0:02:15 < 0:00:00 , 379 it/s ]
 100% ━━━━━━━━━━━━━━━━━━━━━━━━━━ 50,176/50,000  [ 0:02:11 < 0:00:00 , 387 it/s ]
 100% ━━━━━━━━━━━━━━━━━━━━━━━━━━ 50,176/50,000  [ 0:02:14 < 0:00:00 , 377 it/s ]
 100% ━━━━━━━━━━━━━━━━━━━━━━━━━━ 50,176/50,000  [ 0:02:16 < 0:00:00 , 369 it/s ]
 100% ━━━━━━━━━━━━━━━━━━━━━━━━━━ 50,176/50,000  [ 0:02:18 < 0:00:00 , 349 it/s ]
 100% ━━━━━━━━━━━━━━━━━━━━━━━━━━ 50,176/50,000  [ 0:02:11 < 0:00:00 , 375 it/s ]
 100% ━━━━━━━━━━━━━━━━━━━━━━━━━━ 50,176/50,000  [ 0:02:12 < 0:00:00 , 381 it/s ]
 100% ━━━━━━━━━━━━━━━━━━━━━━━━━━ 50,176/50,000  [ 0:02:16 < 0:00:00 , 371 it/s ]
 100% ━━━━━━━━━━━━━━━━━━━━━━━━━━ 50,176/50,000  [ 0:02:13 < 0:00:00 , 382 it/s ]
Moviepy - Building video /ssd003/home/bedaywim/PID-Accelerated-TD-Learning/outputs/DQNExperiment/cartpole/2023-06-28/22-18-57/episode1,0,0,False,False.mp4/rl-video-episode-0.mp4.
Moviepy - Writing video /ssd003/home/bedaywim/PID-Accelerated-TD-Learning/outputs/DQNExperiment/cartpole/2023-06-28/22-18-57/episode1,0,0,False,False.mp4/rl-video-episode-0.mp4

Moviepy - Done !
Moviepy - video ready /ssd003/home/bedaywim/PID-Accelerated-TD-Learning/outputs/DQNExperiment/cartpole/2023-06-28/22-18-57/episode1,0,0,False,False.mp4/rl-video-episode-0.mp4
[2023-06-28 23:05:26,113][HYDRA] 	#2 : env=cartpole name=cartpole kd=0.1 d_tau=1 tabular_d=True
[2023-06-28 23:05:26,629][root][INFO] - The chosen seed is: 979158
 100% ━━━━━━━━━━━━━━━━━━━━━━━━━━ 50,176/50,000  [ 0:02:14 < 0:00:00 , 367 it/s ]
 100% ━━━━━━━━━━━━━━━━━━━━━━━━━━ 50,176/50,000  [ 0:02:20 < 0:00:00 , 345 it/s ]
 100% ━━━━━━━━━━━━━━━━━━━━━━━━━━ 50,176/50,000  [ 0:02:17 < 0:00:00 , 382 it/s ]
 100% ━━━━━━━━━━━━━━━━━━━━━━━━━━ 50,176/50,000  [ 0:02:14 < 0:00:00 , 377 it/s ]
 100% ━━━━━━━━━━━━━━━━━━━━━━━━━━ 50,176/50,000  [ 0:02:14 < 0:00:00 , 378 it/s ]
 100% ━━━━━━━━━━━━━━━━━━━━━━━━━━ 50,176/50,000  [ 0:02:17 < 0:00:00 , 347 it/s ]
 100% ━━━━━━━━━━━━━━━━━━━━━━━━━━ 50,176/50,000  [ 0:02:25 < 0:00:00 , 336 it/s ]
 100% ━━━━━━━━━━━━━━━━━━━━━━━━━━ 50,176/50,000  [ 0:02:15 < 0:00:00 , 351 it/s ]
 100% ━━━━━━━━━━━━━━━━━━━━━━━━━━ 50,176/50,000  [ 0:02:15 < 0:00:00 , 378 it/s ]
 100% ━━━━━━━━━━━━━━━━━━━━━━━━━━ 50,176/50,000  [ 0:02:11 < 0:00:00 , 395 it/s ]
Moviepy - Building video /ssd003/home/bedaywim/PID-Accelerated-TD-Learning/outputs/DQNExperiment/cartpole/2023-06-28/22-18-57/episode1,0,0.1,False,True.mp4/rl-video-episode-0.mp4.
Moviepy - Writing video /ssd003/home/bedaywim/PID-Accelerated-TD-Learning/outputs/DQNExperiment/cartpole/2023-06-28/22-18-57/episode1,0,0.1,False,True.mp4/rl-video-episode-0.mp4

Moviepy - Done !
Moviepy - video ready /ssd003/home/bedaywim/PID-Accelerated-TD-Learning/outputs/DQNExperiment/cartpole/2023-06-28/22-18-57/episode1,0,0.1,False,True.mp4/rl-video-episode-0.mp4
[2023-06-28 23:28:21,408][HYDRA] 	#3 : env=cartpole name=cartpole kd=0.1 d_tau=1 tabular_d=False
[2023-06-28 23:28:21,559][root][INFO] - The chosen seed is: 979158
 100% ━━━━━━━━━━━━━━━━━━━━━━━━━━ 50,176/50,000  [ 0:02:18 < 0:00:00 , 355 it/s ]
 100% ━━━━━━━━━━━━━━━━━━━━━━━━━━ 50,176/50,000  [ 0:02:16 < 0:00:00 , 371 it/s ]
 100% ━━━━━━━━━━━━━━━━━━━━━━━━━━ 50,176/50,000  [ 0:02:16 < 0:00:00 , 379 it/s ]
 100% ━━━━━━━━━━━━━━━━━━━━━━━━━━ 50,176/50,000  [ 0:02:17 < 0:00:00 , 370 it/s ]
 100% ━━━━━━━━━━━━━━━━━━━━━━━━━━ 50,176/50,000  [ 0:02:16 < 0:00:00 , 371 it/s ]
 100% ━━━━━━━━━━━━━━━━━━━━━━━━━━ 50,176/50,000  [ 0:02:22 < 0:00:00 , 348 it/s ]
 100% ━━━━━━━━━━━━━━━━━━━━━━━━━━ 50,176/50,000  [ 0:02:16 < 0:00:00 , 378 it/s ]
 100% ━━━━━━━━━━━━━━━━━━━━━━━━━━ 50,176/50,000  [ 0:02:16 < 0:00:00 , 377 it/s ]
 100% ━━━━━━━━━━━━━━━━━━━━━━━━━━ 50,176/50,000  [ 0:02:22 < 0:00:00 , 355 it/s ]
 100% ━━━━━━━━━━━━━━━━━━━━━━━━━━ 50,176/50,000  [ 0:02:19 < 0:00:00 , 353 it/s ]
Moviepy - Building video /ssd003/home/bedaywim/PID-Accelerated-TD-Learning/outputs/DQNExperiment/cartpole/2023-06-28/22-18-57/episode1,0,0.1,False,False.mp4/rl-video-episode-0.mp4.
Moviepy - Writing video /ssd003/home/bedaywim/PID-Accelerated-TD-Learning/outputs/DQNExperiment/cartpole/2023-06-28/22-18-57/episode1,0,0.1,False,False.mp4/rl-video-episode-0.mp4

Moviepy - Done !
Moviepy - video ready /ssd003/home/bedaywim/PID-Accelerated-TD-Learning/outputs/DQNExperiment/cartpole/2023-06-28/22-18-57/episode1,0,0.1,False,False.mp4/rl-video-episode-0.mp4
[2023-06-28 23:51:39,254][HYDRA] 	#4 : env=cartpole name=cartpole kd=0.2 d_tau=1 tabular_d=True
[2023-06-28 23:51:39,593][root][INFO] - The chosen seed is: 979158
 100% ━━━━━━━━━━━━━━━━━━━━━━━━━━ 50,176/50,000  [ 0:02:15 < 0:00:00 , 363 it/s ]
 100% ━━━━━━━━━━━━━━━━━━━━━━━━━━ 50,176/50,000  [ 0:02:13 < 0:00:00 , 365 it/s ]
 100% ━━━━━━━━━━━━━━━━━━━━━━━━━━ 50,176/50,000  [ 0:02:16 < 0:00:00 , 379 it/s ]
 100% ━━━━━━━━━━━━━━━━━━━━━━━━━━ 50,176/50,000  [ 0:02:15 < 0:00:00 , 372 it/s ]
 100% ━━━━━━━━━━━━━━━━━━━━━━━━━━ 50,176/50,000  [ 0:02:16 < 0:00:00 , 360 it/s ]
 100% ━━━━━━━━━━━━━━━━━━━━━━━━━━ 50,176/50,000  [ 0:02:17 < 0:00:00 , 359 it/s ]
 100% ━━━━━━━━━━━━━━━━━━━━━━━━━━ 50,176/50,000  [ 0:02:17 < 0:00:00 , 351 it/s ]
 100% ━━━━━━━━━━━━━━━━━━━━━━━━━━ 50,176/50,000  [ 0:02:16 < 0:00:00 , 347 it/s ]
 100% ━━━━━━━━━━━━━━━━━━━━━━━━━━ 50,176/50,000  [ 0:02:16 < 0:00:00 , 364 it/s ]
 100% ━━━━━━━━━━━━━━━━━━━━━━━━━━ 50,176/50,000  [ 0:02:18 < 0:00:00 , 351 it/s ]
Moviepy - Building video /ssd003/home/bedaywim/PID-Accelerated-TD-Learning/outputs/DQNExperiment/cartpole/2023-06-28/22-18-57/episode1,0,0.2,False,True.mp4/rl-video-episode-0.mp4.
Moviepy - Writing video /ssd003/home/bedaywim/PID-Accelerated-TD-Learning/outputs/DQNExperiment/cartpole/2023-06-28/22-18-57/episode1,0,0.2,False,True.mp4/rl-video-episode-0.mp4

Moviepy - Done !
Moviepy - video ready /ssd003/home/bedaywim/PID-Accelerated-TD-Learning/outputs/DQNExperiment/cartpole/2023-06-28/22-18-57/episode1,0,0.2,False,True.mp4/rl-video-episode-0.mp4
[2023-06-29 00:14:31,785][HYDRA] 	#5 : env=cartpole name=cartpole kd=0.2 d_tau=1 tabular_d=False
[2023-06-29 00:14:32,269][root][INFO] - The chosen seed is: 979158
 100% ━━━━━━━━━━━━━━━━━━━━━━━━━━ 50,176/50,000  [ 0:02:22 < 0:00:00 , 359 it/s ]
 100% ━━━━━━━━━━━━━━━━━━━━━━━━━━ 50,176/50,000  [ 0:02:20 < 0:00:00 , 373 it/s ]
 100% ━━━━━━━━━━━━━━━━━━━━━━━━━━ 50,176/50,000  [ 0:02:17 < 0:00:00 , 372 it/s ]
 100% ━━━━━━━━━━━━━━━━━━━━━━━━━━ 50,176/50,000  [ 0:02:22 < 0:00:00 , 362 it/s ]
 100% ━━━━━━━━━━━━━━━━━━━━━━━━━━ 50,176/50,000  [ 0:02:23 < 0:00:00 , 351 it/s ]
 100% ━━━━━━━━━━━━━━━━━━━━━━━━━━ 50,176/50,000  [ 0:02:20 < 0:00:00 , 352 it/s ]
 100% ━━━━━━━━━━━━━━━━━━━━━━━━━━ 50,176/50,000  [ 0:02:17 < 0:00:00 , 373 it/s ]
 100% ━━━━━━━━━━━━━━━━━━━━━━━━━━ 50,176/50,000  [ 0:02:23 < 0:00:00 , 356 it/s ]
 100% ━━━━━━━━━━━━━━━━━━━━━━━━━━ 50,176/50,000  [ 0:02:26 < 0:00:00 , 345 it/s ]
 100% ━━━━━━━━━━━━━━━━━━━━━━━━━━ 50,176/50,000  [ 0:02:29 < 0:00:00 , 351 it/s ]
Moviepy - Building video /ssd003/home/bedaywim/PID-Accelerated-TD-Learning/outputs/DQNExperiment/cartpole/2023-06-28/22-18-57/episode1,0,0.2,False,False.mp4/rl-video-episode-0.mp4.
Moviepy - Writing video /ssd003/home/bedaywim/PID-Accelerated-TD-Learning/outputs/DQNExperiment/cartpole/2023-06-28/22-18-57/episode1,0,0.2,False,False.mp4/rl-video-episode-0.mp4

Moviepy - Done !
Moviepy - video ready /ssd003/home/bedaywim/PID-Accelerated-TD-Learning/outputs/DQNExperiment/cartpole/2023-06-28/22-18-57/episode1,0,0.2,False,False.mp4/rl-video-episode-0.mp4
[2023-06-29 00:38:31,406][HYDRA] 	#6 : env=cartpole name=cartpole kd=0.3 d_tau=1 tabular_d=True
[2023-06-29 00:38:31,781][root][INFO] - The chosen seed is: 979158
 100% ━━━━━━━━━━━━━━━━━━━━━━━━━━ 50,176/50,000  [ 0:02:22 < 0:00:00 , 356 it/s ]
 100% ━━━━━━━━━━━━━━━━━━━━━━━━━━ 50,176/50,000  [ 0:02:31 < 0:00:00 , 329 it/s ]
 100% ━━━━━━━━━━━━━━━━━━━━━━━━━━ 50,176/50,000  [ 0:02:36 < 0:00:00 , 332 it/s ]
 100% ━━━━━━━━━━━━━━━━━━━━━━━━━━ 50,176/50,000  [ 0:02:28 < 0:00:00 , 329 it/s ]
 100% ━━━━━━━━━━━━━━━━━━━━━━━━━━ 50,176/50,000  [ 0:02:28 < 0:00:00 , 338 it/s ]
 100% ━━━━━━━━━━━━━━━━━━━━━━━━━━ 50,176/50,000  [ 0:02:32 < 0:00:00 , 338 it/s ]
 100% ━━━━━━━━━━━━━━━━━━━━━━━━━━ 50,176/50,000  [ 0:02:29 < 0:00:00 , 346 it/s ]
 100% ━━━━━━━━━━━━━━━━━━━━━━━━━━ 50,176/50,000  [ 0:02:33 < 0:00:00 , 328 it/s ]
 100% ━━━━━━━━━━━━━━━━━━━━━━━━━━ 50,176/50,000  [ 0:02:30 < 0:00:00 , 328 it/s ]
 100% ━━━━━━━━━━━━━━━━━━━━━━━━━━ 50,176/50,000  [ 0:02:42 < 0:00:00 , 340 it/s ]
Moviepy - Building video /ssd003/home/bedaywim/PID-Accelerated-TD-Learning/outputs/DQNExperiment/cartpole/2023-06-28/22-18-57/episode1,0,0.3,False,True.mp4/rl-video-episode-0.mp4.
Moviepy - Writing video /ssd003/home/bedaywim/PID-Accelerated-TD-Learning/outputs/DQNExperiment/cartpole/2023-06-28/22-18-57/episode1,0,0.3,False,True.mp4/rl-video-episode-0.mp4

Moviepy - Done !
Moviepy - video ready /ssd003/home/bedaywim/PID-Accelerated-TD-Learning/outputs/DQNExperiment/cartpole/2023-06-28/22-18-57/episode1,0,0.3,False,True.mp4/rl-video-episode-0.mp4
[2023-06-29 01:03:56,395][HYDRA] 	#7 : env=cartpole name=cartpole kd=0.3 d_tau=1 tabular_d=False
[2023-06-29 01:03:56,738][root][INFO] - The chosen seed is: 979158
 100% ━━━━━━━━━━━━━━━━━━━━━━━━━━ 50,176/50,000  [ 0:02:34 < 0:00:00 , 338 it/s ]
 100% ━━━━━━━━━━━━━━━━━━━━━━━━━━ 50,176/50,000  [ 0:02:32 < 0:00:00 , 347 it/s ]
 100% ━━━━━━━━━━━━━━━━━━━━━━━━━━ 50,176/50,000  [ 0:02:35 < 0:00:00 , 353 it/s ]
 100% ━━━━━━━━━━━━━━━━━━━━━━━━━━ 50,176/50,000  [ 0:02:39 < 0:00:00 , 345 it/s ]
 100% ━━━━━━━━━━━━━━━━━━━━━━━━━━ 50,176/50,000  [ 0:02:34 < 0:00:00 , 335 it/s ]
 100% ━━━━━━━━━━━━━━━━━━━━━━━━━━ 50,176/50,000  [ 0:02:36 < 0:00:00 , 317 it/s ]
 100% ━━━━━━━━━━━━━━━━━━━━━━━━━━ 50,176/50,000  [ 0:02:28 < 0:00:00 , 351 it/s ]
 100% ━━━━━━━━━━━━━━━━━━━━━━━━━━ 50,176/50,000  [ 0:02:31 < 0:00:00 , 339 it/s ]
 100% ━━━━━━━━━━━━━━━━━━━━━━━━━━ 50,176/50,000  [ 0:02:31 < 0:00:00 , 320 it/s ]
 100% ━━━━━━━━━━━━━━━━━━━━━━━━━━ 50,176/50,000  [ 0:02:30 < 0:00:00 , 343 it/s ]
Moviepy - Building video /ssd003/home/bedaywim/PID-Accelerated-TD-Learning/outputs/DQNExperiment/cartpole/2023-06-28/22-18-57/episode1,0,0.3,False,False.mp4/rl-video-episode-0.mp4.
Moviepy - Writing video /ssd003/home/bedaywim/PID-Accelerated-TD-Learning/outputs/DQNExperiment/cartpole/2023-06-28/22-18-57/episode1,0,0.3,False,False.mp4/rl-video-episode-0.mp4

Moviepy - Done !
Moviepy - video ready /ssd003/home/bedaywim/PID-Accelerated-TD-Learning/outputs/DQNExperiment/cartpole/2023-06-28/22-18-57/episode1,0,0.3,False,False.mp4/rl-video-episode-0.mp4
[2023-06-29 01:29:45,983][HYDRA] 	#8 : env=cartpole name=cartpole kd=0.4 d_tau=1 tabular_d=True
[2023-06-29 01:29:46,166][root][INFO] - The chosen seed is: 979158
 100% ━━━━━━━━━━━━━━━━━━━━━━━━━━ 50,176/50,000  [ 0:02:34 < 0:00:00 , 277 it/s ]
 100% ━━━━━━━━━━━━━━━━━━━━━━━━━━ 50,176/50,000  [ 0:02:41 < 0:00:00 , 262 it/s ]
 100% ━━━━━━━━━━━━━━━━━━━━━━━━━━ 50,176/50,000  [ 0:02:42 < 0:00:00 , 230 it/s ]
 100% ━━━━━━━━━━━━━━━━━━━━━━━━━━ 50,176/50,000  [ 0:02:34 < 0:00:00 , 270 it/s ]
 100% ━━━━━━━━━━━━━━━━━━━━━━━━━━ 50,176/50,000  [ 0:02:43 < 0:00:00 , 237 it/s ]
 100% ━━━━━━━━━━━━━━━━━━━━━━━━━━ 50,176/50,000  [ 0:02:41 < 0:00:00 , 261 it/s ]
 100% ━━━━━━━━━━━━━━━━━━━━━━━━━━ 50,176/50,000  [ 0:02:35 < 0:00:00 , 276 it/s ]
 100% ━━━━━━━━━━━━━━━━━━━━━━━━━━ 50,176/50,000  [ 0:02:34 < 0:00:00 , 284 it/s ]
 100% ━━━━━━━━━━━━━━━━━━━━━━━━━━ 50,176/50,000  [ 0:02:48 < 0:00:00 , 217 it/s ]
 100% ━━━━━━━━━━━━━━━━━━━━━━━━━━ 50,176/50,000  [ 0:02:30 < 0:00:00 , 293 it/s ]
Moviepy - Building video /ssd003/home/bedaywim/PID-Accelerated-TD-Learning/outputs/DQNExperiment/cartpole/2023-06-28/22-18-57/episode1,0,0.4,False,True.mp4/rl-video-episode-0.mp4.
Moviepy - Writing video /ssd003/home/bedaywim/PID-Accelerated-TD-Learning/outputs/DQNExperiment/cartpole/2023-06-28/22-18-57/episode1,0,0.4,False,True.mp4/rl-video-episode-0.mp4

Moviepy - Done !
Moviepy - video ready /ssd003/home/bedaywim/PID-Accelerated-TD-Learning/outputs/DQNExperiment/cartpole/2023-06-28/22-18-57/episode1,0,0.4,False,True.mp4/rl-video-episode-0.mp4
[2023-06-29 01:56:22,398][HYDRA] 	#9 : env=cartpole name=cartpole kd=0.4 d_tau=1 tabular_d=False
[2023-06-29 01:56:22,582][root][INFO] - The chosen seed is: 979158
 100% ━━━━━━━━━━━━━━━━━━━━━━━━━━ 50,176/50,000  [ 0:02:30 < 0:00:00 , 345 it/s ]
 100% ━━━━━━━━━━━━━━━━━━━━━━━━━━ 50,176/50,000  [ 0:02:36 < 0:00:00 , 325 it/s ]
 100% ━━━━━━━━━━━━━━━━━━━━━━━━━━ 50,176/50,000  [ 0:02:31 < 0:00:00 , 334 it/s ]
 100% ━━━━━━━━━━━━━━━━━━━━━━━━━━ 50,176/50,000  [ 0:02:33 < 0:00:00 , 343 it/s ]
 100% ━━━━━━━━━━━━━━━━━━━━━━━━━━ 50,176/50,000  [ 0:02:37 < 0:00:00 , 340 it/s ]
 100% ━━━━━━━━━━━━━━━━━━━━━━━━━━ 50,176/50,000  [ 0:02:36 < 0:00:00 , 338 it/s ]
 100% ━━━━━━━━━━━━━━━━━━━━━━━━━━ 50,176/50,000  [ 0:02:30 < 0:00:00 , 338 it/s ]
 100% ━━━━━━━━━━━━━━━━━━━━━━━━━━ 50,176/50,000  [ 0:02:27 < 0:00:00 , 350 it/s ]
 100% ━━━━━━━━━━━━━━━━━━━━━━━━━━ 50,176/50,000  [ 0:02:32 < 0:00:00 , 327 it/s ]
 100% ━━━━━━━━━━━━━━━━━━━━━━━━━━ 50,176/50,000  [ 0:02:31 < 0:00:00 , 352 it/s ]
Moviepy - Building video /ssd003/home/bedaywim/PID-Accelerated-TD-Learning/outputs/DQNExperiment/cartpole/2023-06-28/22-18-57/episode1,0,0.4,False,False.mp4/rl-video-episode-0.mp4.
Moviepy - Writing video /ssd003/home/bedaywim/PID-Accelerated-TD-Learning/outputs/DQNExperiment/cartpole/2023-06-28/22-18-57/episode1,0,0.4,False,False.mp4/rl-video-episode-0.mp4

Moviepy - Done !
Moviepy - video ready /ssd003/home/bedaywim/PID-Accelerated-TD-Learning/outputs/DQNExperiment/cartpole/2023-06-28/22-18-57/episode1,0,0.4,False,False.mp4/rl-video-episode-0.mp4
[2023-06-29 02:22:06,656][HYDRA] 	#10 : env=cartpole name=cartpole kd=0.5 d_tau=1 tabular_d=True
[2023-06-29 02:22:06,840][root][INFO] - The chosen seed is: 979158
 100% ━━━━━━━━━━━━━━━━━━━━━━━━━━ 50,176/50,000  [ 0:02:49 < 0:00:00 , 252 it/s ]
 100% ━━━━━━━━━━━━━━━━━━━━━━━━━━ 50,176/50,000  [ 0:02:53 < 0:00:00 , 227 it/s ]
 100% ━━━━━━━━━━━━━━━━━━━━━━━━━━ 50,176/50,000  [ 0:02:48 < 0:00:00 , 211 it/s ]
 100% ━━━━━━━━━━━━━━━━━━━━━━━━━━ 50,176/50,000  [ 0:02:45 < 0:00:00 , 239 it/s ]
 100% ━━━━━━━━━━━━━━━━━━━━━━━━━━ 50,176/50,000  [ 0:02:46 < 0:00:00 , 241 it/s ]
 100% ━━━━━━━━━━━━━━━━━━━━━━━━━━ 50,176/50,000  [ 0:02:50 < 0:00:00 , 259 it/s ]
 100% ━━━━━━━━━━━━━━━━━━━━━━━━━━ 50,176/50,000  [ 0:02:43 < 0:00:00 , 256 it/s ]
 100% ━━━━━━━━━━━━━━━━━━━━━━━━━━ 50,176/50,000  [ 0:02:45 < 0:00:00 , 259 it/s ]
 100% ━━━━━━━━━━━━━━━━━━━━━━━━━━ 50,176/50,000  [ 0:02:53 < 0:00:00 , 242 it/s ]
