[2023-06-28 22:18:40,639][HYDRA] Launching 27 jobs locally
[2023-06-28 22:18:40,639][HYDRA] 	#0 : env=lunarlander name=lunarlander adapt_gains=True meta_lr=0.01 epsilon=0.25 d_tau=0.1
[2023-06-28 22:18:40,812][root][INFO] - The chosen seed is: 82194
 100% ━━━━━━━━━━━━━━━━━━━━━━━━ 100,000/100,000  [ 0:10:38 < 0:00:00 , 117 it/s ]
 100% ━━━━━━━━━━━━━━━━━━━━━━━━ 100,000/100,000  [ 0:10:22 < 0:00:00 , 140 it/s ]
 100% ━━━━━━━━━━━━━━━━━━━━━━━━ 100,000/100,000  [ 0:10:25 < 0:00:00 , 163 it/s ]
 100% ━━━━━━━━━━━━━━━━━━━━━━━━ 100,000/100,000  [ 0:10:13 < 0:00:00 , 167 it/s ]
 100% ━━━━━━━━━━━━━━━━━━━━━━━━ 100,000/100,000  [ 0:10:35 < 0:00:00 , 163 it/s ]
 100% ━━━━━━━━━━━━━━━━━━━━━━━━ 100,000/100,000  [ 0:10:25 < 0:00:00 , 169 it/s ]
 100% ━━━━━━━━━━━━━━━━━━━━━━━━ 100,000/100,000  [ 0:11:02 < 0:00:00 , 163 it/s ]
 100% ━━━━━━━━━━━━━━━━━━━━━━━━ 100,000/100,000  [ 0:10:42 < 0:00:00 , 170 it/s ]
 100% ━━━━━━━━━━━━━━━━━━━━━━━━ 100,000/100,000  [ 0:10:35 < 0:00:00 , 167 it/s ]
 100% ━━━━━━━━━━━━━━━━━━━━━━━━ 100,000/100,000  [ 0:10:24 < 0:00:00 , 171 it/s ]
Moviepy - Building video /ssd003/home/bedaywim/PID-Accelerated-TD-Learning/outputs/DQNExperiment/lunarlander/2023-06-28/22-18-37/episode1.0037985961824814,0.0029016313920274916,0.0009012081859305019,True,False.mp4/rl-video-episode-0.mp4.
Moviepy - Writing video /ssd003/home/bedaywim/PID-Accelerated-TD-Learning/outputs/DQNExperiment/lunarlander/2023-06-28/22-18-37/episode1.0037985961824814,0.0029016313920274916,0.0009012081859305019,True,False.mp4/rl-video-episode-0.mp4

Moviepy - Done !
Moviepy - video ready /ssd003/home/bedaywim/PID-Accelerated-TD-Learning/outputs/DQNExperiment/lunarlander/2023-06-28/22-18-37/episode1.0037985961824814,0.0029016313920274916,0.0009012081859305019,True,False.mp4/rl-video-episode-0.mp4
[2023-06-29 00:04:11,415][HYDRA] 	#1 : env=lunarlander name=lunarlander adapt_gains=True meta_lr=0.01 epsilon=0.25 d_tau=0.01
[2023-06-29 00:04:11,574][root][INFO] - The chosen seed is: 82194
 100% ━━━━━━━━━━━━━━━━━━━━━━━━ 100,000/100,000  [ 0:10:36 < 0:00:00 , 169 it/s ]
 100% ━━━━━━━━━━━━━━━━━━━━━━━━ 100,000/100,000  [ 0:10:14 < 0:00:00 , 167 it/s ]
 100% ━━━━━━━━━━━━━━━━━━━━━━━━ 100,000/100,000  [ 0:10:30 < 0:00:00 , 176 it/s ]
 100% ━━━━━━━━━━━━━━━━━━━━━━━━ 100,000/100,000  [ 0:10:20 < 0:00:00 , 156 it/s ]
 100% ━━━━━━━━━━━━━━━━━━━━━━━━ 100,000/100,000  [ 0:10:19 < 0:00:00 , 169 it/s ]
 100% ━━━━━━━━━━━━━━━━━━━━━━━━ 100,000/100,000  [ 0:10:12 < 0:00:00 , 167 it/s ]
 100% ━━━━━━━━━━━━━━━━━━━━━━━━ 100,000/100,000  [ 0:10:22 < 0:00:00 , 164 it/s ]
 100% ━━━━━━━━━━━━━━━━━━━━━━━━ 100,000/100,000  [ 0:10:23 < 0:00:00 , 173 it/s ]
 100% ━━━━━━━━━━━━━━━━━━━━━━━━ 100,000/100,000  [ 0:10:20 < 0:00:00 , 167 it/s ]
 100% ━━━━━━━━━━━━━━━━━━━━━━━━ 100,000/100,000  [ 0:10:00 < 0:00:00 , 162 it/s ]
Moviepy - Building video /ssd003/home/bedaywim/PID-Accelerated-TD-Learning/outputs/DQNExperiment/lunarlander/2023-06-28/22-18-37/episode1.0038305640169654,0.0032432721301944804,0.0007548617527153822,True,False.mp4/rl-video-episode-0.mp4.
Moviepy - Writing video /ssd003/home/bedaywim/PID-Accelerated-TD-Learning/outputs/DQNExperiment/lunarlander/2023-06-28/22-18-37/episode1.0038305640169654,0.0032432721301944804,0.0007548617527153822,True,False.mp4/rl-video-episode-0.mp4

Moviepy - Done !
Moviepy - video ready /ssd003/home/bedaywim/PID-Accelerated-TD-Learning/outputs/DQNExperiment/lunarlander/2023-06-28/22-18-37/episode1.0038305640169654,0.0032432721301944804,0.0007548617527153822,True,False.mp4/rl-video-episode-0.mp4
[2023-06-29 01:47:40,044][HYDRA] 	#2 : env=lunarlander name=lunarlander adapt_gains=True meta_lr=0.01 epsilon=0.25 d_tau=0.001
[2023-06-29 01:47:40,473][root][INFO] - The chosen seed is: 82194
 100% ━━━━━━━━━━━━━━━━━━━━━━━━ 100,000/100,000  [ 0:10:29 < 0:00:00 , 172 it/s ]
 100% ━━━━━━━━━━━━━━━━━━━━━━━━ 100,000/100,000  [ 0:10:14 < 0:00:00 , 168 it/s ]
 100% ━━━━━━━━━━━━━━━━━━━━━━━━ 100,000/100,000  [ 0:10:35 < 0:00:00 , 172 it/s ]
 100% ━━━━━━━━━━━━━━━━━━━━━━━━ 100,000/100,000  [ 0:10:14 < 0:00:00 , 169 it/s ]
 100% ━━━━━━━━━━━━━━━━━━━━━━━━ 100,000/100,000  [ 0:10:31 < 0:00:00 , 168 it/s ]
